#
# There is insufficient memory for the Java Runtime Environment to continue.
# Native memory allocation (malloc) failed to allocate 2991056 bytes for Chunk::new
# Possible reasons:
#   The system is out of physical RAM or swap space
#   The process is running with CompressedOops enabled, and the Java Heap may be blocking the growth of the native heap
# Possible solutions:
#   Reduce memory load on the system
#   Increase physical memory or swap space
#   Check if swap backing store is full
#   Decrease Java heap size (-Xmx/-Xms)
#   Decrease number of Java threads
#   Decrease Java thread stack sizes (-Xss)
#   Set larger code cache with -XX:ReservedCodeCacheSize=
#   JVM is running with Unscaled Compressed Oops mode in which the Java heap is
#     placed in the first 4GB address space. The Java Heap base address is the
#     maximum limit for the native heap growth. Please use -XX:HeapBaseMinAddress
#     to set the Java Heap base and to place the Java Heap above 4GB virtual address.
# This output file may be truncated or incomplete.
#
#  Out of Memory Error (./open/src/hotspot/share/memory/arena.cpp:197), pid=45464, tid=19940
#
# JRE version: Java(TM) SE Runtime Environment 18.9 (11.0.11+9) (build 11.0.11+9-LTS-194)
# Java VM: Java HotSpot(TM) 64-Bit Server VM 18.9 (11.0.11+9-LTS-194, mixed mode, tiered, compressed oops, g1 gc, windows-amd64)
# No core dump will be written. Minidumps are not enabled by default on client versions of Windows
#

---------------  S U M M A R Y ------------

Command Line: -Dorg.gradle.native=false -agentlib:jdwp=transport=dt_socket,server=n,suspend=y,address=127.0.0.1:57265 -javaagent:build/tmp/expandedArchives/org.jacoco.agent-0.8.6.jar_a26f6511a7813217be4cd6439d66563b/jacocoagent.jar=destfile=build/jacoco/test.exec,append=true,inclnolocationclasses=false,dumponexit=true,output=file,jmx=false -Xmx512m -Dfile.encoding=windows-1252 -Duser.country=US -Duser.language=en -Duser.variant -ea -agentpath:C:\Program Files\Palo Alto Networks\Traps\cyjagent.dll worker.org.gradle.process.internal.worker.GradleWorkerMain 'Gradle Test Executor 2'

Host: 11th Gen Intel(R) Core(TM) i7-1165G7 @ 2.80GHz, 8 cores, 15G,  Windows 10 , 64 bit Build 19041 (10.0.19041.3031)
Time: Tue Jun 20 14:39:39 2023 SE Asia Standard Time elapsed time: 17.391394 seconds (0d 0h 0m 17s)

---------------  T H R E A D  ---------------

Current thread (0x00000204b69eb000):  JavaThread "C2 CompilerThread2" daemon [_thread_in_native, id=19940, stack(0x000000aa60600000,0x000000aa60700000)]


Current CompileTask:
C2:  17391 5251   !   4       jdk.internal.loader.BuiltinClassLoader::findClassOnClassPathOrNull (64 bytes)

Stack: [0x000000aa60600000,0x000000aa60700000]
Native frames: (J=compiled Java code, j=interpreted, Vv=VM code, C=native code)
V  [jvm.dll+0x616f2a]
V  [jvm.dll+0x74de7f]
V  [jvm.dll+0x74f505]
V  [jvm.dll+0x74fb83]
V  [jvm.dll+0x2436d8]
V  [jvm.dll+0xba68c]
V  [jvm.dll+0xbad8c]
V  [jvm.dll+0x3462b7]
V  [jvm.dll+0x193fc1]
V  [jvm.dll+0x1fd152]
V  [jvm.dll+0x1fc22f]
V  [jvm.dll+0x17f0bc]
V  [jvm.dll+0x20b68c]
V  [jvm.dll+0x20978b]
V  [jvm.dll+0x7152c9]
V  [jvm.dll+0x70dfc4]
V  [jvm.dll+0x6160f6]
C  [ucrtbase.dll+0x21bb2]
C  [cyinjct.dll+0x11e7]
C  [KERNEL32.DLL+0x17614]
C  [ntdll.dll+0x526f1]


---------------  P R O C E S S  ---------------

Threads class SMR info:
_java_thread_list=0x00000204b8969930, length=18, elements={
0x00000204945c9000, 0x00000204b0457800, 0x00000204b0461000, 0x00000204b0475000,
0x00000204b0478000, 0x00000204b0479800, 0x00000204b0488000, 0x00000204b048c000,
0x00000204b0767800, 0x00000204b0913800, 0x00000204b0917000, 0x00000204b08f8800,
0x00000204b10b5000, 0x00000204b3330800, 0x00000204b3331800, 0x00000204b332f000,
0x00000204b5645000, 0x00000204b69eb000
}

Java Threads: ( => current thread )
  0x00000204945c9000 JavaThread "main" [_thread_blocked, id=44604, stack(0x000000aa5f300000,0x000000aa5f400000)]
  0x00000204b0457800 JavaThread "Reference Handler" daemon [_thread_blocked, id=36244, stack(0x000000aa5fa00000,0x000000aa5fb00000)]
  0x00000204b0461000 JavaThread "Finalizer" daemon [_thread_blocked, id=40156, stack(0x000000aa5fb00000,0x000000aa5fc00000)]
  0x00000204b0475000 JavaThread "Signal Dispatcher" daemon [_thread_blocked, id=45356, stack(0x000000aa5fc00000,0x000000aa5fd00000)]
  0x00000204b0478000 JavaThread "Attach Listener" daemon [_thread_blocked, id=44064, stack(0x000000aa5fd00000,0x000000aa5fe00000)]
  0x00000204b0479800 JavaThread "C2 CompilerThread0" daemon [_thread_in_native, id=35544, stack(0x000000aa5fe00000,0x000000aa5ff00000)]
  0x00000204b0488000 JavaThread "C1 CompilerThread0" daemon [_thread_in_native, id=33784, stack(0x000000aa5ff00000,0x000000aa60000000)]
  0x00000204b048c000 JavaThread "Sweeper thread" daemon [_thread_blocked, id=26868, stack(0x000000aa60000000,0x000000aa60100000)]
  0x00000204b0767800 JavaThread "Common-Cleaner" daemon [_thread_blocked, id=37488, stack(0x000000aa60100000,0x000000aa60200000)]
  0x00000204b0913800 JavaThread "JDWP Transport Listener: dt_socket" daemon [_thread_blocked, id=45380, stack(0x000000aa60200000,0x000000aa60300000)]
  0x00000204b0917000 JavaThread "JDWP Event Helper Thread" daemon [_thread_blocked, id=43708, stack(0x000000aa60300000,0x000000aa60400000)]
  0x00000204b08f8800 JavaThread "JDWP Command Reader" daemon [_thread_in_native, id=42652, stack(0x000000aa60400000,0x000000aa60500000)]
  0x00000204b10b5000 JavaThread "Service Thread" daemon [_thread_blocked, id=46028, stack(0x000000aa60700000,0x000000aa60800000)]
  0x00000204b3330800 JavaThread "Test worker" [_thread_in_native, id=37252, stack(0x000000aa60f00000,0x000000aa61000000)]
  0x00000204b3331800 JavaThread "/127.0.0.1:57271 to /127.0.0.1:57267 workers Thread 2" [_thread_blocked, id=35056, stack(0x000000aa61000000,0x000000aa61100000)]
  0x00000204b332f000 JavaThread "/127.0.0.1:57271 to /127.0.0.1:57267 workers Thread 3" [_thread_in_native, id=44152, stack(0x000000aa61100000,0x000000aa61200000)]
  0x00000204b5645000 JavaThread "C2 CompilerThread1" daemon [_thread_in_native, id=44996, stack(0x000000aa60500000,0x000000aa60600000)]
=>0x00000204b69eb000 JavaThread "C2 CompilerThread2" daemon [_thread_in_native, id=19940, stack(0x000000aa60600000,0x000000aa60700000)]

Other Threads:
  0x00000204b0453800 VMThread "VM Thread" [stack: 0x000000aa5f900000,0x000000aa5fa00000] [id=45244]
  0x00000204b111e800 WatcherThread [stack: 0x000000aa60800000,0x000000aa60900000] [id=43296]
  0x00000204945de800 GCTaskThread "GC Thread#0" [stack: 0x000000aa5f400000,0x000000aa5f500000] [id=6016]
  0x00000204b1356000 GCTaskThread "GC Thread#1" [stack: 0x000000aa60900000,0x000000aa60a00000] [id=33192]
  0x00000204b120b000 GCTaskThread "GC Thread#2" [stack: 0x000000aa60a00000,0x000000aa60b00000] [id=26404]
  0x00000204b120c000 GCTaskThread "GC Thread#3" [stack: 0x000000aa60b00000,0x000000aa60c00000] [id=20664]
  0x00000204b1d6d800 GCTaskThread "GC Thread#4" [stack: 0x000000aa60c00000,0x000000aa60d00000] [id=34248]
  0x00000204b1d6e000 GCTaskThread "GC Thread#5" [stack: 0x000000aa60d00000,0x000000aa60e00000] [id=46452]
  0x00000204b58ad800 GCTaskThread "GC Thread#6" [stack: 0x000000aa61200000,0x000000aa61300000] [id=43276]
  0x00000204b48b8800 GCTaskThread "GC Thread#7" [stack: 0x000000aa61300000,0x000000aa61400000] [id=18884]
  0x0000020494612800 ConcurrentGCThread "G1 Main Marker" [stack: 0x000000aa5f500000,0x000000aa5f600000] [id=44444]
  0x0000020494614000 ConcurrentGCThread "G1 Conc#0" [stack: 0x000000aa5f600000,0x000000aa5f700000] [id=42880]
  0x00000204b6b21800 ConcurrentGCThread "G1 Conc#1" [stack: 0x000000aa61400000,0x000000aa61500000] [id=39360]
  0x000002049465d800 ConcurrentGCThread "G1 Refine#0" [stack: 0x000000aa5f700000,0x000000aa5f800000] [id=44176]
  0x000002049465e000 ConcurrentGCThread "G1 Young RemSet Sampling" [stack: 0x000000aa5f800000,0x000000aa5f900000] [id=46972]

Threads with active compile tasks:
C2 CompilerThread0  17442 5393       4       org.jacoco.agent.rt.internal_f3994fa.asm.ClassReader::readField (667 bytes)
C2 CompilerThread1  17442 5184       4       org.jacoco.agent.rt.internal_f3994fa.asm.ClassReader::readCode (5089 bytes)
C2 CompilerThread2  17443 5251   !   4       jdk.internal.loader.BuiltinClassLoader::findClassOnClassPathOrNull (64 bytes)

VM state:not at safepoint (normal execution)

VM Mutex/Monitor currently owned by a thread: None

Heap address: 0x00000000e0000000, size: 512 MB, Compressed Oops mode: 32-bit
Narrow klass base: 0x0000000000000000, Narrow klass shift: 3
Compressed class space size: 1073741824 Address: 0x0000000100000000

Heap:
 garbage-first heap   total 260096K, used 35916K [0x00000000e0000000, 0x0000000100000000)
  region size 1024K, 24 young (24576K), 12 survivors (12288K)
 Metaspace       used 53660K, capacity 55034K, committed 55344K, reserved 1097728K
  class space    used 5889K, capacity 6444K, committed 6528K, reserved 1048576K
Heap Regions: E=young(eden), S=young(survivor), O=old, HS=humongous(starts), HC=humongous(continues), CS=collection set, F=free, A=archive, TAMS=top-at-mark-start (previous, next)
|   0|0x00000000e0000000, 0x00000000e0100000, 0x00000000e0100000|100%|HS|  |TAMS 0x00000000e0100000, 0x00000000e0000000| Complete 
|   1|0x00000000e0100000, 0x00000000e0200000, 0x00000000e0200000|100%| O|  |TAMS 0x00000000e0100000, 0x00000000e0100000| Untracked 
|   2|0x00000000e0200000, 0x00000000e0300000, 0x00000000e0300000|100%| O|  |TAMS 0x00000000e0300000, 0x00000000e0200000| Untracked 
|   3|0x00000000e0300000, 0x00000000e0400000, 0x00000000e0400000|100%| O|  |TAMS 0x00000000e0400000, 0x00000000e0300000| Untracked 
|   4|0x00000000e0400000, 0x00000000e0500000, 0x00000000e0500000|100%| O|  |TAMS 0x00000000e0500000, 0x00000000e0400000| Untracked 
|   5|0x00000000e0500000, 0x00000000e0600000, 0x00000000e0600000|100%| O|  |TAMS 0x00000000e0600000, 0x00000000e0500000| Untracked 
|   6|0x00000000e0600000, 0x00000000e0700000, 0x00000000e0700000|100%| O|  |TAMS 0x00000000e0700000, 0x00000000e0600000| Untracked 
|   7|0x00000000e0700000, 0x00000000e0800000, 0x00000000e0800000|100%| O|  |TAMS 0x00000000e07dae00, 0x00000000e0700000| Untracked 
|   8|0x00000000e0800000, 0x00000000e0900000, 0x00000000e0900000|100%| O|  |TAMS 0x00000000e0800000, 0x00000000e0800000| Untracked 
|   9|0x00000000e0900000, 0x00000000e0a00000, 0x00000000e0a00000|100%| O|  |TAMS 0x00000000e0900000, 0x00000000e0900000| Untracked 
|  10|0x00000000e0a00000, 0x00000000e0b00000, 0x00000000e0b00000|100%| O|  |TAMS 0x00000000e0a00000, 0x00000000e0a00000| Untracked 
|  11|0x00000000e0b00000, 0x00000000e0c00000, 0x00000000e0c00000|100%| O|  |TAMS 0x00000000e0b00000, 0x00000000e0b00000| Untracked 
|  12|0x00000000e0c00000, 0x00000000e0c13200, 0x00000000e0d00000|  7%| O|  |TAMS 0x00000000e0c00000, 0x00000000e0c00000| Untracked 
|  13|0x00000000e0d00000, 0x00000000e0d00000, 0x00000000e0e00000|  0%| F|  |TAMS 0x00000000e0d00000, 0x00000000e0d00000| Untracked 
|  14|0x00000000e0e00000, 0x00000000e0e00000, 0x00000000e0f00000|  0%| F|  |TAMS 0x00000000e0e00000, 0x00000000e0e00000| Untracked 
|  15|0x00000000e0f00000, 0x00000000e0f00000, 0x00000000e1000000|  0%| F|  |TAMS 0x00000000e0f00000, 0x00000000e0f00000| Untracked 
|  16|0x00000000e1000000, 0x00000000e1000000, 0x00000000e1100000|  0%| F|  |TAMS 0x00000000e1000000, 0x00000000e1000000| Untracked 
|  17|0x00000000e1100000, 0x00000000e1100000, 0x00000000e1200000|  0%| F|  |TAMS 0x00000000e1100000, 0x00000000e1100000| Untracked 
|  18|0x00000000e1200000, 0x00000000e1200000, 0x00000000e1300000|  0%| F|  |TAMS 0x00000000e1200000, 0x00000000e1200000| Untracked 
|  19|0x00000000e1300000, 0x00000000e1300000, 0x00000000e1400000|  0%| F|  |TAMS 0x00000000e1300000, 0x00000000e1300000| Untracked 
|  20|0x00000000e1400000, 0x00000000e1400000, 0x00000000e1500000|  0%| F|  |TAMS 0x00000000e1400000, 0x00000000e1400000| Untracked 
|  21|0x00000000e1500000, 0x00000000e1500000, 0x00000000e1600000|  0%| F|  |TAMS 0x00000000e1500000, 0x00000000e1500000| Untracked 
|  22|0x00000000e1600000, 0x00000000e1600000, 0x00000000e1700000|  0%| F|  |TAMS 0x00000000e1600000, 0x00000000e1600000| Untracked 
|  23|0x00000000e1700000, 0x00000000e1700000, 0x00000000e1800000|  0%| F|  |TAMS 0x00000000e1700000, 0x00000000e1700000| Untracked 
|  24|0x00000000e1800000, 0x00000000e1800000, 0x00000000e1900000|  0%| F|  |TAMS 0x00000000e1800000, 0x00000000e1800000| Untracked 
|  25|0x00000000e1900000, 0x00000000e1900000, 0x00000000e1a00000|  0%| F|  |TAMS 0x00000000e1900000, 0x00000000e1900000| Untracked 
|  26|0x00000000e1a00000, 0x00000000e1a00000, 0x00000000e1b00000|  0%| F|  |TAMS 0x00000000e1a00000, 0x00000000e1a00000| Untracked 
|  27|0x00000000e1b00000, 0x00000000e1b00000, 0x00000000e1c00000|  0%| F|  |TAMS 0x00000000e1b00000, 0x00000000e1b00000| Untracked 
|  28|0x00000000e1c00000, 0x00000000e1c00000, 0x00000000e1d00000|  0%| F|  |TAMS 0x00000000e1c00000, 0x00000000e1c00000| Untracked 
|  29|0x00000000e1d00000, 0x00000000e1d00000, 0x00000000e1e00000|  0%| F|  |TAMS 0x00000000e1d00000, 0x00000000e1d00000| Untracked 
|  30|0x00000000e1e00000, 0x00000000e1e00000, 0x00000000e1f00000|  0%| F|  |TAMS 0x00000000e1e00000, 0x00000000e1e00000| Untracked 
|  31|0x00000000e1f00000, 0x00000000e1f00000, 0x00000000e2000000|  0%| F|  |TAMS 0x00000000e1f00000, 0x00000000e1f00000| Untracked 
|  32|0x00000000e2000000, 0x00000000e2000000, 0x00000000e2100000|  0%| F|  |TAMS 0x00000000e2000000, 0x00000000e2000000| Untracked 
|  33|0x00000000e2100000, 0x00000000e2100000, 0x00000000e2200000|  0%| F|  |TAMS 0x00000000e2100000, 0x00000000e2100000| Untracked 
|  34|0x00000000e2200000, 0x00000000e2200000, 0x00000000e2300000|  0%| F|  |TAMS 0x00000000e2200000, 0x00000000e2200000| Untracked 
|  35|0x00000000e2300000, 0x00000000e2300000, 0x00000000e2400000|  0%| F|  |TAMS 0x00000000e2300000, 0x00000000e2300000| Untracked 
|  36|0x00000000e2400000, 0x00000000e2400000, 0x00000000e2500000|  0%| F|  |TAMS 0x00000000e2400000, 0x00000000e2400000| Untracked 
|  37|0x00000000e2500000, 0x00000000e2500000, 0x00000000e2600000|  0%| F|  |TAMS 0x00000000e2500000, 0x00000000e2500000| Untracked 
|  38|0x00000000e2600000, 0x00000000e2600000, 0x00000000e2700000|  0%| F|  |TAMS 0x00000000e2600000, 0x00000000e2600000| Untracked 
|  39|0x00000000e2700000, 0x00000000e2700000, 0x00000000e2800000|  0%| F|  |TAMS 0x00000000e2700000, 0x00000000e2700000| Untracked 
|  40|0x00000000e2800000, 0x00000000e2800000, 0x00000000e2900000|  0%| F|  |TAMS 0x00000000e2800000, 0x00000000e2800000| Untracked 
|  41|0x00000000e2900000, 0x00000000e2900000, 0x00000000e2a00000|  0%| F|  |TAMS 0x00000000e2900000, 0x00000000e2900000| Untracked 
|  42|0x00000000e2a00000, 0x00000000e2a00000, 0x00000000e2b00000|  0%| F|  |TAMS 0x00000000e2a00000, 0x00000000e2a00000| Untracked 
|  43|0x00000000e2b00000, 0x00000000e2b00000, 0x00000000e2c00000|  0%| F|  |TAMS 0x00000000e2b00000, 0x00000000e2b00000| Untracked 
|  44|0x00000000e2c00000, 0x00000000e2c00000, 0x00000000e2d00000|  0%| F|  |TAMS 0x00000000e2c00000, 0x00000000e2c00000| Untracked 
|  45|0x00000000e2d00000, 0x00000000e2d00000, 0x00000000e2e00000|  0%| F|  |TAMS 0x00000000e2d00000, 0x00000000e2d00000| Untracked 
|  46|0x00000000e2e00000, 0x00000000e2e00000, 0x00000000e2f00000|  0%| F|  |TAMS 0x00000000e2e00000, 0x00000000e2e00000| Untracked 
|  47|0x00000000e2f00000, 0x00000000e2f00000, 0x00000000e3000000|  0%| F|  |TAMS 0x00000000e2f00000, 0x00000000e2f00000| Untracked 
|  48|0x00000000e3000000, 0x00000000e3000000, 0x00000000e3100000|  0%| F|  |TAMS 0x00000000e3000000, 0x00000000e3000000| Untracked 
|  49|0x00000000e3100000, 0x00000000e3100000, 0x00000000e3200000|  0%| F|  |TAMS 0x00000000e3100000, 0x00000000e3100000| Untracked 
|  50|0x00000000e3200000, 0x00000000e3200000, 0x00000000e3300000|  0%| F|  |TAMS 0x00000000e3200000, 0x00000000e3200000| Untracked 
|  51|0x00000000e3300000, 0x00000000e3300000, 0x00000000e3400000|  0%| F|  |TAMS 0x00000000e3300000, 0x00000000e3300000| Untracked 
|  52|0x00000000e3400000, 0x00000000e3400000, 0x00000000e3500000|  0%| F|  |TAMS 0x00000000e3400000, 0x00000000e3400000| Untracked 
|  53|0x00000000e3500000, 0x00000000e3500000, 0x00000000e3600000|  0%| F|  |TAMS 0x00000000e3500000, 0x00000000e3500000| Untracked 
|  54|0x00000000e3600000, 0x00000000e3600000, 0x00000000e3700000|  0%| F|  |TAMS 0x00000000e3600000, 0x00000000e3600000| Untracked 
|  55|0x00000000e3700000, 0x00000000e3700000, 0x00000000e3800000|  0%| F|  |TAMS 0x00000000e3700000, 0x00000000e3700000| Untracked 
|  56|0x00000000e3800000, 0x00000000e3800000, 0x00000000e3900000|  0%| F|  |TAMS 0x00000000e3800000, 0x00000000e3800000| Untracked 
|  57|0x00000000e3900000, 0x00000000e3900000, 0x00000000e3a00000|  0%| F|  |TAMS 0x00000000e3900000, 0x00000000e3900000| Untracked 
|  58|0x00000000e3a00000, 0x00000000e3a00000, 0x00000000e3b00000|  0%| F|  |TAMS 0x00000000e3a00000, 0x00000000e3a00000| Untracked 
|  59|0x00000000e3b00000, 0x00000000e3b00000, 0x00000000e3c00000|  0%| F|  |TAMS 0x00000000e3b00000, 0x00000000e3b00000| Untracked 
|  60|0x00000000e3c00000, 0x00000000e3c00000, 0x00000000e3d00000|  0%| F|  |TAMS 0x00000000e3c00000, 0x00000000e3c00000| Untracked 
|  61|0x00000000e3d00000, 0x00000000e3d00000, 0x00000000e3e00000|  0%| F|  |TAMS 0x00000000e3d00000, 0x00000000e3d00000| Untracked 
|  62|0x00000000e3e00000, 0x00000000e3e00000, 0x00000000e3f00000|  0%| F|  |TAMS 0x00000000e3e00000, 0x00000000e3e00000| Untracked 
|  63|0x00000000e3f00000, 0x00000000e3f00000, 0x00000000e4000000|  0%| F|  |TAMS 0x00000000e3f00000, 0x00000000e3f00000| Untracked 
|  64|0x00000000e4000000, 0x00000000e4000000, 0x00000000e4100000|  0%| F|  |TAMS 0x00000000e4000000, 0x00000000e4000000| Untracked 
|  65|0x00000000e4100000, 0x00000000e4100000, 0x00000000e4200000|  0%| F|  |TAMS 0x00000000e4100000, 0x00000000e4100000| Untracked 
|  66|0x00000000e4200000, 0x00000000e4200000, 0x00000000e4300000|  0%| F|  |TAMS 0x00000000e4200000, 0x00000000e4200000| Untracked 
|  67|0x00000000e4300000, 0x00000000e4300000, 0x00000000e4400000|  0%| F|  |TAMS 0x00000000e4300000, 0x00000000e4300000| Untracked 
|  68|0x00000000e4400000, 0x00000000e4400000, 0x00000000e4500000|  0%| F|  |TAMS 0x00000000e4400000, 0x00000000e4400000| Untracked 
|  69|0x00000000e4500000, 0x00000000e4500000, 0x00000000e4600000|  0%| F|  |TAMS 0x00000000e4500000, 0x00000000e4500000| Untracked 
|  70|0x00000000e4600000, 0x00000000e4600000, 0x00000000e4700000|  0%| F|  |TAMS 0x00000000e4600000, 0x00000000e4600000| Untracked 
|  71|0x00000000e4700000, 0x00000000e4700000, 0x00000000e4800000|  0%| F|  |TAMS 0x00000000e4700000, 0x00000000e4700000| Untracked 
|  72|0x00000000e4800000, 0x00000000e4800000, 0x00000000e4900000|  0%| F|  |TAMS 0x00000000e4800000, 0x00000000e4800000| Untracked 
|  73|0x00000000e4900000, 0x00000000e4900000, 0x00000000e4a00000|  0%| F|  |TAMS 0x00000000e4900000, 0x00000000e4900000| Untracked 
|  74|0x00000000e4a00000, 0x00000000e4a00000, 0x00000000e4b00000|  0%| F|  |TAMS 0x00000000e4a00000, 0x00000000e4a00000| Untracked 
|  75|0x00000000e4b00000, 0x00000000e4b00000, 0x00000000e4c00000|  0%| F|  |TAMS 0x00000000e4b00000, 0x00000000e4b00000| Untracked 
|  76|0x00000000e4c00000, 0x00000000e4c00000, 0x00000000e4d00000|  0%| F|  |TAMS 0x00000000e4c00000, 0x00000000e4c00000| Untracked 
|  77|0x00000000e4d00000, 0x00000000e4d00000, 0x00000000e4e00000|  0%| F|  |TAMS 0x00000000e4d00000, 0x00000000e4d00000| Untracked 
|  78|0x00000000e4e00000, 0x00000000e4e00000, 0x00000000e4f00000|  0%| F|  |TAMS 0x00000000e4e00000, 0x00000000e4e00000| Untracked 
|  79|0x00000000e4f00000, 0x00000000e4f00000, 0x00000000e5000000|  0%| F|  |TAMS 0x00000000e4f00000, 0x00000000e4f00000| Untracked 
|  80|0x00000000e5000000, 0x00000000e5000000, 0x00000000e5100000|  0%| F|  |TAMS 0x00000000e5000000, 0x00000000e5000000| Untracked 
|  81|0x00000000e5100000, 0x00000000e5100000, 0x00000000e5200000|  0%| F|  |TAMS 0x00000000e5100000, 0x00000000e5100000| Untracked 
|  82|0x00000000e5200000, 0x00000000e5200000, 0x00000000e5300000|  0%| F|  |TAMS 0x00000000e5200000, 0x00000000e5200000| Untracked 
|  83|0x00000000e5300000, 0x00000000e5300000, 0x00000000e5400000|  0%| F|  |TAMS 0x00000000e5300000, 0x00000000e5300000| Untracked 
|  84|0x00000000e5400000, 0x00000000e5400000, 0x00000000e5500000|  0%| F|  |TAMS 0x00000000e5400000, 0x00000000e5400000| Untracked 
|  85|0x00000000e5500000, 0x00000000e5500000, 0x00000000e5600000|  0%| F|  |TAMS 0x00000000e5500000, 0x00000000e5500000| Untracked 
|  86|0x00000000e5600000, 0x00000000e5600000, 0x00000000e5700000|  0%| F|  |TAMS 0x00000000e5600000, 0x00000000e5600000| Untracked 
|  87|0x00000000e5700000, 0x00000000e5700000, 0x00000000e5800000|  0%| F|  |TAMS 0x00000000e5700000, 0x00000000e5700000| Untracked 
|  88|0x00000000e5800000, 0x00000000e5800000, 0x00000000e5900000|  0%| F|  |TAMS 0x00000000e5800000, 0x00000000e5800000| Untracked 
|  89|0x00000000e5900000, 0x00000000e5900000, 0x00000000e5a00000|  0%| F|  |TAMS 0x00000000e5900000, 0x00000000e5900000| Untracked 
|  90|0x00000000e5a00000, 0x00000000e5a00000, 0x00000000e5b00000|  0%| F|  |TAMS 0x00000000e5a00000, 0x00000000e5a00000| Untracked 
|  91|0x00000000e5b00000, 0x00000000e5b00000, 0x00000000e5c00000|  0%| F|  |TAMS 0x00000000e5b00000, 0x00000000e5b00000| Untracked 
|  92|0x00000000e5c00000, 0x00000000e5c00000, 0x00000000e5d00000|  0%| F|  |TAMS 0x00000000e5c00000, 0x00000000e5c00000| Untracked 
|  93|0x00000000e5d00000, 0x00000000e5d00000, 0x00000000e5e00000|  0%| F|  |TAMS 0x00000000e5d00000, 0x00000000e5d00000| Untracked 
|  94|0x00000000e5e00000, 0x00000000e5e00000, 0x00000000e5f00000|  0%| F|  |TAMS 0x00000000e5e00000, 0x00000000e5e00000| Untracked 
|  95|0x00000000e5f00000, 0x00000000e5f00000, 0x00000000e6000000|  0%| F|  |TAMS 0x00000000e5f00000, 0x00000000e5f00000| Untracked 
|  96|0x00000000e6000000, 0x00000000e6000000, 0x00000000e6100000|  0%| F|  |TAMS 0x00000000e6000000, 0x00000000e6000000| Untracked 
|  97|0x00000000e6100000, 0x00000000e6100000, 0x00000000e6200000|  0%| F|  |TAMS 0x00000000e6100000, 0x00000000e6100000| Untracked 
|  98|0x00000000e6200000, 0x00000000e6200000, 0x00000000e6300000|  0%| F|  |TAMS 0x00000000e6200000, 0x00000000e6200000| Untracked 
|  99|0x00000000e6300000, 0x00000000e6300000, 0x00000000e6400000|  0%| F|  |TAMS 0x00000000e6300000, 0x00000000e6300000| Untracked 
| 100|0x00000000e6400000, 0x00000000e6400000, 0x00000000e6500000|  0%| F|  |TAMS 0x00000000e6400000, 0x00000000e6400000| Untracked 
| 101|0x00000000e6500000, 0x00000000e6500000, 0x00000000e6600000|  0%| F|  |TAMS 0x00000000e6500000, 0x00000000e6500000| Untracked 
| 102|0x00000000e6600000, 0x00000000e6600000, 0x00000000e6700000|  0%| F|  |TAMS 0x00000000e6600000, 0x00000000e6600000| Untracked 
| 103|0x00000000e6700000, 0x00000000e6800000, 0x00000000e6800000|100%| S|CS|TAMS 0x00000000e6700000, 0x00000000e6700000| Complete 
| 104|0x00000000e6800000, 0x00000000e6900000, 0x00000000e6900000|100%| S|CS|TAMS 0x00000000e6800000, 0x00000000e6800000| Complete 
| 105|0x00000000e6900000, 0x00000000e6a00000, 0x00000000e6a00000|100%| S|CS|TAMS 0x00000000e6900000, 0x00000000e6900000| Complete 
| 106|0x00000000e6a00000, 0x00000000e6b00000, 0x00000000e6b00000|100%| S|CS|TAMS 0x00000000e6a00000, 0x00000000e6a00000| Complete 
| 107|0x00000000e6b00000, 0x00000000e6c00000, 0x00000000e6c00000|100%| S|CS|TAMS 0x00000000e6b00000, 0x00000000e6b00000| Complete 
| 108|0x00000000e6c00000, 0x00000000e6d00000, 0x00000000e6d00000|100%| S|CS|TAMS 0x00000000e6c00000, 0x00000000e6c00000| Complete 
| 109|0x00000000e6d00000, 0x00000000e6e00000, 0x00000000e6e00000|100%| S|CS|TAMS 0x00000000e6d00000, 0x00000000e6d00000| Complete 
| 110|0x00000000e6e00000, 0x00000000e6f00000, 0x00000000e6f00000|100%| S|CS|TAMS 0x00000000e6e00000, 0x00000000e6e00000| Complete 
| 111|0x00000000e6f00000, 0x00000000e7000000, 0x00000000e7000000|100%| S|CS|TAMS 0x00000000e6f00000, 0x00000000e6f00000| Complete 
| 112|0x00000000e7000000, 0x00000000e7100000, 0x00000000e7100000|100%| S|CS|TAMS 0x00000000e7000000, 0x00000000e7000000| Complete 
| 113|0x00000000e7100000, 0x00000000e7200000, 0x00000000e7200000|100%| S|CS|TAMS 0x00000000e7100000, 0x00000000e7100000| Complete 
| 114|0x00000000e7200000, 0x00000000e7300000, 0x00000000e7300000|100%| S|CS|TAMS 0x00000000e7200000, 0x00000000e7200000| Complete 
| 115|0x00000000e7300000, 0x00000000e7300000, 0x00000000e7400000|  0%| F|  |TAMS 0x00000000e7300000, 0x00000000e7300000| Untracked 
| 116|0x00000000e7400000, 0x00000000e7400000, 0x00000000e7500000|  0%| F|  |TAMS 0x00000000e7400000, 0x00000000e7400000| Untracked 
| 117|0x00000000e7500000, 0x00000000e7500000, 0x00000000e7600000|  0%| F|  |TAMS 0x00000000e7500000, 0x00000000e7500000| Untracked 
| 118|0x00000000e7600000, 0x00000000e7600000, 0x00000000e7700000|  0%| F|  |TAMS 0x00000000e7600000, 0x00000000e7600000| Untracked 
| 119|0x00000000e7700000, 0x00000000e7700000, 0x00000000e7800000|  0%| F|  |TAMS 0x00000000e7700000, 0x00000000e7700000| Untracked 
| 120|0x00000000e7800000, 0x00000000e7800000, 0x00000000e7900000|  0%| F|  |TAMS 0x00000000e7800000, 0x00000000e7800000| Untracked 
| 121|0x00000000e7900000, 0x00000000e7900000, 0x00000000e7a00000|  0%| F|  |TAMS 0x00000000e7900000, 0x00000000e7900000| Untracked 
| 122|0x00000000e7a00000, 0x00000000e7a00000, 0x00000000e7b00000|  0%| F|  |TAMS 0x00000000e7a00000, 0x00000000e7a00000| Untracked 
| 123|0x00000000e7b00000, 0x00000000e7b00000, 0x00000000e7c00000|  0%| F|  |TAMS 0x00000000e7b00000, 0x00000000e7b00000| Untracked 
| 124|0x00000000e7c00000, 0x00000000e7c00000, 0x00000000e7d00000|  0%| F|  |TAMS 0x00000000e7c00000, 0x00000000e7c00000| Untracked 
| 125|0x00000000e7d00000, 0x00000000e7d00000, 0x00000000e7e00000|  0%| F|  |TAMS 0x00000000e7d00000, 0x00000000e7d00000| Untracked 
| 126|0x00000000e7e00000, 0x00000000e7e00000, 0x00000000e7f00000|  0%| F|  |TAMS 0x00000000e7e00000, 0x00000000e7e00000| Untracked 
| 127|0x00000000e7f00000, 0x00000000e7f00000, 0x00000000e8000000|  0%| F|  |TAMS 0x00000000e7f00000, 0x00000000e7f00000| Untracked 
| 128|0x00000000e8000000, 0x00000000e8000000, 0x00000000e8100000|  0%| F|  |TAMS 0x00000000e8000000, 0x00000000e8000000| Untracked 
| 129|0x00000000e8100000, 0x00000000e8100000, 0x00000000e8200000|  0%| F|  |TAMS 0x00000000e8100000, 0x00000000e8100000| Untracked 
| 130|0x00000000e8200000, 0x00000000e8200000, 0x00000000e8300000|  0%| F|  |TAMS 0x00000000e8200000, 0x00000000e8200000| Untracked 
| 131|0x00000000e8300000, 0x00000000e8300000, 0x00000000e8400000|  0%| F|  |TAMS 0x00000000e8300000, 0x00000000e8300000| Untracked 
| 132|0x00000000e8400000, 0x00000000e8400000, 0x00000000e8500000|  0%| F|  |TAMS 0x00000000e8400000, 0x00000000e8400000| Untracked 
| 133|0x00000000e8500000, 0x00000000e8500000, 0x00000000e8600000|  0%| F|  |TAMS 0x00000000e8500000, 0x00000000e8500000| Untracked 
| 134|0x00000000e8600000, 0x00000000e8600000, 0x00000000e8700000|  0%| F|  |TAMS 0x00000000e8600000, 0x00000000e8600000| Untracked 
| 135|0x00000000e8700000, 0x00000000e8700000, 0x00000000e8800000|  0%| F|  |TAMS 0x00000000e8700000, 0x00000000e8700000| Untracked 
| 136|0x00000000e8800000, 0x00000000e8800000, 0x00000000e8900000|  0%| F|  |TAMS 0x00000000e8800000, 0x00000000e8800000| Untracked 
| 137|0x00000000e8900000, 0x00000000e8900000, 0x00000000e8a00000|  0%| F|  |TAMS 0x00000000e8900000, 0x00000000e8900000| Untracked 
| 138|0x00000000e8a00000, 0x00000000e8a00000, 0x00000000e8b00000|  0%| F|  |TAMS 0x00000000e8a00000, 0x00000000e8a00000| Untracked 
| 139|0x00000000e8b00000, 0x00000000e8b00000, 0x00000000e8c00000|  0%| F|  |TAMS 0x00000000e8b00000, 0x00000000e8b00000| Untracked 
| 140|0x00000000e8c00000, 0x00000000e8c00000, 0x00000000e8d00000|  0%| F|  |TAMS 0x00000000e8c00000, 0x00000000e8c00000| Untracked 
| 141|0x00000000e8d00000, 0x00000000e8d00000, 0x00000000e8e00000|  0%| F|  |TAMS 0x00000000e8d00000, 0x00000000e8d00000| Untracked 
| 142|0x00000000e8e00000, 0x00000000e8e00000, 0x00000000e8f00000|  0%| F|  |TAMS 0x00000000e8e00000, 0x00000000e8e00000| Untracked 
| 143|0x00000000e8f00000, 0x00000000e8f00000, 0x00000000e9000000|  0%| F|  |TAMS 0x00000000e8f00000, 0x00000000e8f00000| Untracked 
| 144|0x00000000e9000000, 0x00000000e9000000, 0x00000000e9100000|  0%| F|  |TAMS 0x00000000e9000000, 0x00000000e9000000| Untracked 
| 145|0x00000000e9100000, 0x00000000e9100000, 0x00000000e9200000|  0%| F|  |TAMS 0x00000000e9100000, 0x00000000e9100000| Untracked 
| 146|0x00000000e9200000, 0x00000000e9200000, 0x00000000e9300000|  0%| F|  |TAMS 0x00000000e9200000, 0x00000000e9200000| Untracked 
| 147|0x00000000e9300000, 0x00000000e9300000, 0x00000000e9400000|  0%| F|  |TAMS 0x00000000e9300000, 0x00000000e9300000| Untracked 
| 148|0x00000000e9400000, 0x00000000e9400000, 0x00000000e9500000|  0%| F|  |TAMS 0x00000000e9400000, 0x00000000e9400000| Untracked 
| 149|0x00000000e9500000, 0x00000000e9500000, 0x00000000e9600000|  0%| F|  |TAMS 0x00000000e9500000, 0x00000000e9500000| Untracked 
| 150|0x00000000e9600000, 0x00000000e9600000, 0x00000000e9700000|  0%| F|  |TAMS 0x00000000e9600000, 0x00000000e9600000| Untracked 
| 151|0x00000000e9700000, 0x00000000e9700000, 0x00000000e9800000|  0%| F|  |TAMS 0x00000000e9700000, 0x00000000e9700000| Untracked 
| 152|0x00000000e9800000, 0x00000000e9800000, 0x00000000e9900000|  0%| F|  |TAMS 0x00000000e9800000, 0x00000000e9800000| Untracked 
| 153|0x00000000e9900000, 0x00000000e9900000, 0x00000000e9a00000|  0%| F|  |TAMS 0x00000000e9900000, 0x00000000e9900000| Untracked 
| 154|0x00000000e9a00000, 0x00000000e9a00000, 0x00000000e9b00000|  0%| F|  |TAMS 0x00000000e9a00000, 0x00000000e9a00000| Untracked 
| 155|0x00000000e9b00000, 0x00000000e9b00000, 0x00000000e9c00000|  0%| F|  |TAMS 0x00000000e9b00000, 0x00000000e9b00000| Untracked 
| 156|0x00000000e9c00000, 0x00000000e9c00000, 0x00000000e9d00000|  0%| F|  |TAMS 0x00000000e9c00000, 0x00000000e9c00000| Untracked 
| 157|0x00000000e9d00000, 0x00000000e9d00000, 0x00000000e9e00000|  0%| F|  |TAMS 0x00000000e9d00000, 0x00000000e9d00000| Untracked 
| 158|0x00000000e9e00000, 0x00000000e9e00000, 0x00000000e9f00000|  0%| F|  |TAMS 0x00000000e9e00000, 0x00000000e9e00000| Untracked 
| 159|0x00000000e9f00000, 0x00000000e9f00000, 0x00000000ea000000|  0%| F|  |TAMS 0x00000000e9f00000, 0x00000000e9f00000| Untracked 
| 160|0x00000000ea000000, 0x00000000ea000000, 0x00000000ea100000|  0%| F|  |TAMS 0x00000000ea000000, 0x00000000ea000000| Untracked 
| 161|0x00000000ea100000, 0x00000000ea100000, 0x00000000ea200000|  0%| F|  |TAMS 0x00000000ea100000, 0x00000000ea100000| Untracked 
| 162|0x00000000ea200000, 0x00000000ea200000, 0x00000000ea300000|  0%| F|  |TAMS 0x00000000ea200000, 0x00000000ea200000| Untracked 
| 163|0x00000000ea300000, 0x00000000ea300000, 0x00000000ea400000|  0%| F|  |TAMS 0x00000000ea300000, 0x00000000ea300000| Untracked 
| 164|0x00000000ea400000, 0x00000000ea400000, 0x00000000ea500000|  0%| F|  |TAMS 0x00000000ea400000, 0x00000000ea400000| Untracked 
| 165|0x00000000ea500000, 0x00000000ea500000, 0x00000000ea600000|  0%| F|  |TAMS 0x00000000ea500000, 0x00000000ea500000| Untracked 
| 166|0x00000000ea600000, 0x00000000ea600000, 0x00000000ea700000|  0%| F|  |TAMS 0x00000000ea600000, 0x00000000ea600000| Untracked 
| 167|0x00000000ea700000, 0x00000000ea700000, 0x00000000ea800000|  0%| F|  |TAMS 0x00000000ea700000, 0x00000000ea700000| Untracked 
| 168|0x00000000ea800000, 0x00000000ea800000, 0x00000000ea900000|  0%| F|  |TAMS 0x00000000ea800000, 0x00000000ea800000| Untracked 
| 169|0x00000000ea900000, 0x00000000ea900000, 0x00000000eaa00000|  0%| F|  |TAMS 0x00000000ea900000, 0x00000000ea900000| Untracked 
| 170|0x00000000eaa00000, 0x00000000eaa00000, 0x00000000eab00000|  0%| F|  |TAMS 0x00000000eaa00000, 0x00000000eaa00000| Untracked 
| 171|0x00000000eab00000, 0x00000000eab00000, 0x00000000eac00000|  0%| F|  |TAMS 0x00000000eab00000, 0x00000000eab00000| Untracked 
| 172|0x00000000eac00000, 0x00000000eac00000, 0x00000000ead00000|  0%| F|  |TAMS 0x00000000eac00000, 0x00000000eac00000| Untracked 
| 173|0x00000000ead00000, 0x00000000ead00000, 0x00000000eae00000|  0%| F|  |TAMS 0x00000000ead00000, 0x00000000ead00000| Untracked 
| 174|0x00000000eae00000, 0x00000000eae00000, 0x00000000eaf00000|  0%| F|  |TAMS 0x00000000eae00000, 0x00000000eae00000| Untracked 
| 175|0x00000000eaf00000, 0x00000000eaf00000, 0x00000000eb000000|  0%| F|  |TAMS 0x00000000eaf00000, 0x00000000eaf00000| Untracked 
| 176|0x00000000eb000000, 0x00000000eb000000, 0x00000000eb100000|  0%| F|  |TAMS 0x00000000eb000000, 0x00000000eb000000| Untracked 
| 177|0x00000000eb100000, 0x00000000eb100000, 0x00000000eb200000|  0%| F|  |TAMS 0x00000000eb100000, 0x00000000eb100000| Untracked 
| 178|0x00000000eb200000, 0x00000000eb200000, 0x00000000eb300000|  0%| F|  |TAMS 0x00000000eb200000, 0x00000000eb200000| Untracked 
| 179|0x00000000eb300000, 0x00000000eb300000, 0x00000000eb400000|  0%| F|  |TAMS 0x00000000eb300000, 0x00000000eb300000| Untracked 
| 180|0x00000000eb400000, 0x00000000eb400000, 0x00000000eb500000|  0%| F|  |TAMS 0x00000000eb400000, 0x00000000eb400000| Untracked 
| 181|0x00000000eb500000, 0x00000000eb500000, 0x00000000eb600000|  0%| F|  |TAMS 0x00000000eb500000, 0x00000000eb500000| Untracked 
| 182|0x00000000eb600000, 0x00000000eb600000, 0x00000000eb700000|  0%| F|  |TAMS 0x00000000eb600000, 0x00000000eb600000| Untracked 
| 183|0x00000000eb700000, 0x00000000eb700000, 0x00000000eb800000|  0%| F|  |TAMS 0x00000000eb700000, 0x00000000eb700000| Untracked 
| 184|0x00000000eb800000, 0x00000000eb800000, 0x00000000eb900000|  0%| F|  |TAMS 0x00000000eb800000, 0x00000000eb800000| Untracked 
| 185|0x00000000eb900000, 0x00000000eb900000, 0x00000000eba00000|  0%| F|  |TAMS 0x00000000eb900000, 0x00000000eb900000| Untracked 
| 186|0x00000000eba00000, 0x00000000eba00000, 0x00000000ebb00000|  0%| F|  |TAMS 0x00000000eba00000, 0x00000000eba00000| Untracked 
| 187|0x00000000ebb00000, 0x00000000ebb00000, 0x00000000ebc00000|  0%| F|  |TAMS 0x00000000ebb00000, 0x00000000ebb00000| Untracked 
| 188|0x00000000ebc00000, 0x00000000ebc00000, 0x00000000ebd00000|  0%| F|  |TAMS 0x00000000ebc00000, 0x00000000ebc00000| Untracked 
| 189|0x00000000ebd00000, 0x00000000ebd00000, 0x00000000ebe00000|  0%| F|  |TAMS 0x00000000ebd00000, 0x00000000ebd00000| Untracked 
| 190|0x00000000ebe00000, 0x00000000ebe00000, 0x00000000ebf00000|  0%| F|  |TAMS 0x00000000ebe00000, 0x00000000ebe00000| Untracked 
| 191|0x00000000ebf00000, 0x00000000ebf00000, 0x00000000ec000000|  0%| F|  |TAMS 0x00000000ebf00000, 0x00000000ebf00000| Untracked 
| 192|0x00000000ec000000, 0x00000000ec000000, 0x00000000ec100000|  0%| F|  |TAMS 0x00000000ec000000, 0x00000000ec000000| Untracked 
| 193|0x00000000ec100000, 0x00000000ec100000, 0x00000000ec200000|  0%| F|  |TAMS 0x00000000ec100000, 0x00000000ec100000| Untracked 
| 194|0x00000000ec200000, 0x00000000ec200000, 0x00000000ec300000|  0%| F|  |TAMS 0x00000000ec200000, 0x00000000ec200000| Untracked 
| 195|0x00000000ec300000, 0x00000000ec300000, 0x00000000ec400000|  0%| F|  |TAMS 0x00000000ec300000, 0x00000000ec300000| Untracked 
| 196|0x00000000ec400000, 0x00000000ec400000, 0x00000000ec500000|  0%| F|  |TAMS 0x00000000ec400000, 0x00000000ec400000| Untracked 
| 197|0x00000000ec500000, 0x00000000ec500000, 0x00000000ec600000|  0%| F|  |TAMS 0x00000000ec500000, 0x00000000ec500000| Untracked 
| 198|0x00000000ec600000, 0x00000000ec600000, 0x00000000ec700000|  0%| F|  |TAMS 0x00000000ec600000, 0x00000000ec600000| Untracked 
| 199|0x00000000ec700000, 0x00000000ec700000, 0x00000000ec800000|  0%| F|  |TAMS 0x00000000ec700000, 0x00000000ec700000| Untracked 
| 200|0x00000000ec800000, 0x00000000ec800000, 0x00000000ec900000|  0%| F|  |TAMS 0x00000000ec800000, 0x00000000ec800000| Untracked 
| 201|0x00000000ec900000, 0x00000000ec900000, 0x00000000eca00000|  0%| F|  |TAMS 0x00000000ec900000, 0x00000000ec900000| Untracked 
| 202|0x00000000eca00000, 0x00000000eca00000, 0x00000000ecb00000|  0%| F|  |TAMS 0x00000000eca00000, 0x00000000eca00000| Untracked 
| 203|0x00000000ecb00000, 0x00000000ecb00000, 0x00000000ecc00000|  0%| F|  |TAMS 0x00000000ecb00000, 0x00000000ecb00000| Untracked 
| 204|0x00000000ecc00000, 0x00000000ecc00000, 0x00000000ecd00000|  0%| F|  |TAMS 0x00000000ecc00000, 0x00000000ecc00000| Untracked 
| 205|0x00000000ecd00000, 0x00000000ecd00000, 0x00000000ece00000|  0%| F|  |TAMS 0x00000000ecd00000, 0x00000000ecd00000| Untracked 
| 206|0x00000000ece00000, 0x00000000ece00000, 0x00000000ecf00000|  0%| F|  |TAMS 0x00000000ece00000, 0x00000000ece00000| Untracked 
| 207|0x00000000ecf00000, 0x00000000ecf00000, 0x00000000ed000000|  0%| F|  |TAMS 0x00000000ecf00000, 0x00000000ecf00000| Untracked 
| 208|0x00000000ed000000, 0x00000000ed000000, 0x00000000ed100000|  0%| F|  |TAMS 0x00000000ed000000, 0x00000000ed000000| Untracked 
| 209|0x00000000ed100000, 0x00000000ed100000, 0x00000000ed200000|  0%| F|  |TAMS 0x00000000ed100000, 0x00000000ed100000| Untracked 
| 210|0x00000000ed200000, 0x00000000ed200000, 0x00000000ed300000|  0%| F|  |TAMS 0x00000000ed200000, 0x00000000ed200000| Untracked 
| 211|0x00000000ed300000, 0x00000000ed300000, 0x00000000ed400000|  0%| F|  |TAMS 0x00000000ed300000, 0x00000000ed300000| Untracked 
| 212|0x00000000ed400000, 0x00000000ed400000, 0x00000000ed500000|  0%| F|  |TAMS 0x00000000ed400000, 0x00000000ed400000| Untracked 
| 213|0x00000000ed500000, 0x00000000ed500000, 0x00000000ed600000|  0%| F|  |TAMS 0x00000000ed500000, 0x00000000ed500000| Untracked 
| 214|0x00000000ed600000, 0x00000000ed600000, 0x00000000ed700000|  0%| F|  |TAMS 0x00000000ed600000, 0x00000000ed600000| Untracked 
| 215|0x00000000ed700000, 0x00000000ed700000, 0x00000000ed800000|  0%| F|  |TAMS 0x00000000ed700000, 0x00000000ed700000| Untracked 
| 216|0x00000000ed800000, 0x00000000ed800000, 0x00000000ed900000|  0%| F|  |TAMS 0x00000000ed800000, 0x00000000ed800000| Untracked 
| 217|0x00000000ed900000, 0x00000000ed900000, 0x00000000eda00000|  0%| F|  |TAMS 0x00000000ed900000, 0x00000000ed900000| Untracked 
| 218|0x00000000eda00000, 0x00000000eda00000, 0x00000000edb00000|  0%| F|  |TAMS 0x00000000eda00000, 0x00000000eda00000| Untracked 
| 219|0x00000000edb00000, 0x00000000edb00000, 0x00000000edc00000|  0%| F|  |TAMS 0x00000000edb00000, 0x00000000edb00000| Untracked 
| 220|0x00000000edc00000, 0x00000000edc00000, 0x00000000edd00000|  0%| F|  |TAMS 0x00000000edc00000, 0x00000000edc00000| Untracked 
| 221|0x00000000edd00000, 0x00000000edd00000, 0x00000000ede00000|  0%| F|  |TAMS 0x00000000edd00000, 0x00000000edd00000| Untracked 
| 222|0x00000000ede00000, 0x00000000ede00000, 0x00000000edf00000|  0%| F|  |TAMS 0x00000000ede00000, 0x00000000ede00000| Untracked 
| 223|0x00000000edf00000, 0x00000000edf00000, 0x00000000ee000000|  0%| F|  |TAMS 0x00000000edf00000, 0x00000000edf00000| Untracked 
| 224|0x00000000ee000000, 0x00000000ee000000, 0x00000000ee100000|  0%| F|  |TAMS 0x00000000ee000000, 0x00000000ee000000| Untracked 
| 225|0x00000000ee100000, 0x00000000ee100000, 0x00000000ee200000|  0%| F|  |TAMS 0x00000000ee100000, 0x00000000ee100000| Untracked 
| 226|0x00000000ee200000, 0x00000000ee200000, 0x00000000ee300000|  0%| F|  |TAMS 0x00000000ee200000, 0x00000000ee200000| Untracked 
| 227|0x00000000ee300000, 0x00000000ee300000, 0x00000000ee400000|  0%| F|  |TAMS 0x00000000ee300000, 0x00000000ee300000| Untracked 
| 228|0x00000000ee400000, 0x00000000ee400000, 0x00000000ee500000|  0%| F|  |TAMS 0x00000000ee400000, 0x00000000ee400000| Untracked 
| 229|0x00000000ee500000, 0x00000000ee500000, 0x00000000ee600000|  0%| F|  |TAMS 0x00000000ee500000, 0x00000000ee500000| Untracked 
| 230|0x00000000ee600000, 0x00000000ee600000, 0x00000000ee700000|  0%| F|  |TAMS 0x00000000ee600000, 0x00000000ee600000| Untracked 
| 231|0x00000000ee700000, 0x00000000ee700000, 0x00000000ee800000|  0%| F|  |TAMS 0x00000000ee700000, 0x00000000ee700000| Untracked 
| 232|0x00000000ee800000, 0x00000000ee800000, 0x00000000ee900000|  0%| F|  |TAMS 0x00000000ee800000, 0x00000000ee800000| Untracked 
| 233|0x00000000ee900000, 0x00000000ee900000, 0x00000000eea00000|  0%| F|  |TAMS 0x00000000ee900000, 0x00000000ee900000| Untracked 
| 234|0x00000000eea00000, 0x00000000eea00000, 0x00000000eeb00000|  0%| F|  |TAMS 0x00000000eea00000, 0x00000000eea00000| Untracked 
| 235|0x00000000eeb00000, 0x00000000eeb00000, 0x00000000eec00000|  0%| F|  |TAMS 0x00000000eeb00000, 0x00000000eeb00000| Untracked 
| 236|0x00000000eec00000, 0x00000000eec00000, 0x00000000eed00000|  0%| F|  |TAMS 0x00000000eec00000, 0x00000000eec00000| Untracked 
| 237|0x00000000eed00000, 0x00000000eed00000, 0x00000000eee00000|  0%| F|  |TAMS 0x00000000eed00000, 0x00000000eed00000| Untracked 
| 238|0x00000000eee00000, 0x00000000eee00000, 0x00000000eef00000|  0%| F|  |TAMS 0x00000000eee00000, 0x00000000eee00000| Untracked 
| 239|0x00000000eef00000, 0x00000000eef00000, 0x00000000ef000000|  0%| F|  |TAMS 0x00000000eef00000, 0x00000000eef00000| Untracked 
| 240|0x00000000ef000000, 0x00000000ef000000, 0x00000000ef100000|  0%| F|  |TAMS 0x00000000ef000000, 0x00000000ef000000| Untracked 
| 241|0x00000000ef100000, 0x00000000ef185778, 0x00000000ef200000| 52%| E|  |TAMS 0x00000000ef100000, 0x00000000ef100000| Complete 
| 242|0x00000000ef200000, 0x00000000ef300000, 0x00000000ef300000|100%| E|CS|TAMS 0x00000000ef200000, 0x00000000ef200000| Complete 
| 243|0x00000000ef300000, 0x00000000ef400000, 0x00000000ef400000|100%| E|CS|TAMS 0x00000000ef300000, 0x00000000ef300000| Complete 
| 244|0x00000000ef400000, 0x00000000ef500000, 0x00000000ef500000|100%| E|CS|TAMS 0x00000000ef400000, 0x00000000ef400000| Complete 
| 245|0x00000000ef500000, 0x00000000ef600000, 0x00000000ef600000|100%| E|CS|TAMS 0x00000000ef500000, 0x00000000ef500000| Complete 
| 246|0x00000000ef600000, 0x00000000ef700000, 0x00000000ef700000|100%| E|CS|TAMS 0x00000000ef600000, 0x00000000ef600000| Complete 
| 247|0x00000000ef700000, 0x00000000ef800000, 0x00000000ef800000|100%| E|CS|TAMS 0x00000000ef700000, 0x00000000ef700000| Complete 
| 248|0x00000000ef800000, 0x00000000ef900000, 0x00000000ef900000|100%| E|CS|TAMS 0x00000000ef800000, 0x00000000ef800000| Complete 
| 249|0x00000000ef900000, 0x00000000efa00000, 0x00000000efa00000|100%| E|CS|TAMS 0x00000000ef900000, 0x00000000ef900000| Complete 
| 250|0x00000000efa00000, 0x00000000efb00000, 0x00000000efb00000|100%| E|CS|TAMS 0x00000000efa00000, 0x00000000efa00000| Complete 
| 251|0x00000000efb00000, 0x00000000efc00000, 0x00000000efc00000|100%| E|CS|TAMS 0x00000000efb00000, 0x00000000efb00000| Complete 
| 252|0x00000000efc00000, 0x00000000efd00000, 0x00000000efd00000|100%| E|CS|TAMS 0x00000000efc00000, 0x00000000efc00000| Complete 
| 253|0x00000000efd00000, 0x00000000efe00000, 0x00000000efe00000|100%| E|CS|TAMS 0x00000000efd00000, 0x00000000efd00000| Complete 

Card table byte_map: [0x00000204abf70000,0x00000204ac070000] _byte_map_base: 0x00000204ab870000

Marking Bits (Prev, Next): (CMBitMap*) 0x0000020494611a18, (CMBitMap*) 0x0000020494611a50
 Prev Bits: [0x00000204ac170000, 0x00000204ac970000)
 Next Bits: [0x00000204ac970000, 0x00000204ad170000)

Polling page: 0x00000204923b0000

Metaspace:

Usage:
  Non-class:     47.51 MB capacity,    46.70 MB ( 98%) used,   656.77 KB (  1%) free+waste,   174.19 KB ( <1%) overhead. 
      Class:      6.29 MB capacity,     5.75 MB ( 91%) used,   472.43 KB (  7%) free+waste,    79.44 KB (  1%) overhead. 
       Both:     53.81 MB capacity,    52.46 MB ( 97%) used,     1.10 MB (  2%) free+waste,   253.63 KB ( <1%) overhead. 

Virtual space:
  Non-class space:       48.00 MB reserved,      47.67 MB (>99%) committed 
      Class space:        1.00 GB reserved,       6.38 MB ( <1%) committed 
             Both:        1.05 GB reserved,      54.05 MB (  5%) committed 

Chunk freelists:
   Non-Class:  4.25 KB
       Class:  2.50 KB
        Both:  6.75 KB

CodeHeap 'non-profiled nmethods': size=120000Kb used=5419Kb max_used=5419Kb free=114580Kb
 bounds [0x00000204a4500000, 0x00000204a4a50000, 0x00000204aba30000]
CodeHeap 'profiled nmethods': size=120000Kb used=14475Kb max_used=14475Kb free=105524Kb
 bounds [0x000002049cfd0000, 0x000002049de00000, 0x00000204a4500000]
CodeHeap 'non-nmethods': size=5760Kb used=1262Kb max_used=1396Kb free=4497Kb
 bounds [0x000002049ca30000, 0x000002049cca0000, 0x000002049cfd0000]
 total_blobs=5872 nmethods=5360 adapters=430
 compilation: enabled
              stopped_count=0, restarted_count=0
 full_count=0

Compilation events (10 events):
Event: 17.372 Thread 0x00000204b0479800 nmethod 5381 0x00000204a4a45d10 code [0x00000204a4a45ee0, 0x00000204a4a46a78]
Event: 17.372 Thread 0x00000204b0479800 5382   !   4       org.springframework.beans.factory.support.DefaultSingletonBeanRegistry::getSingleton (278 bytes)
Event: 17.373 Thread 0x00000204b0488000 5386       3       org.springframework.beans.BeanMetadataAttributeAccessor::getSource (13 bytes)
Event: 17.373 Thread 0x00000204b0488000 nmethod 5386 0x000002049ddd1f90 code [0x000002049ddd2140, 0x000002049ddd22a8]
Event: 17.373 Thread 0x00000204b0488000 5387       3       org.springframework.util.Assert::isTrue (36 bytes)
Event: 17.373 Thread 0x00000204b0488000 nmethod 5387 0x000002049ddd2390 code [0x000002049ddd2580, 0x000002049ddd2848]
Event: 17.374 Thread 0x00000204b0488000 5388       3       org.springframework.beans.factory.support.AbstractBeanDefinition::setFactoryMethodName (16 bytes)
Event: 17.374 Thread 0x00000204b0488000 nmethod 5388 0x000002049ddd2a90 code [0x000002049ddd2c40, 0x000002049ddd2e08]
Event: 17.384 Thread 0x00000204b0488000 5392       3       org.springframework.core.ResolvableType::equals (305 bytes)
Event: 17.384 Thread 0x00000204b0488000 nmethod 5392 0x000002049ddd2f10 code [0x000002049ddd31c0, 0x000002049ddd3fe8]

GC Heap History (10 events):
Event: 8.842 GC heap before
{Heap before GC invocations=6 (full 0):
 garbage-first heap   total 260096K, used 118400K [0x00000000e0000000, 0x0000000100000000)
  region size 1024K, 110 young (112640K), 9 survivors (9216K)
 Metaspace       used 34742K, capacity 35786K, committed 35888K, reserved 1081344K
  class space    used 3742K, capacity 4159K, committed 4224K, reserved 1048576K
}
Event: 8.850 GC heap after
{Heap after GC invocations=7 (full 0):
 garbage-first heap   total 260096K, used 17575K [0x00000000e0000000, 0x0000000100000000)
  region size 1024K, 11 young (11264K), 11 survivors (11264K)
 Metaspace       used 34742K, capacity 35786K, committed 35888K, reserved 1081344K
  class space    used 3742K, capacity 4159K, committed 4224K, reserved 1048576K
}
Event: 9.424 GC heap before
{Heap before GC invocations=8 (full 0):
 garbage-first heap   total 260096K, used 161959K [0x00000000e0000000, 0x0000000100000000)
  region size 1024K, 152 young (155648K), 11 survivors (11264K)
 Metaspace       used 39795K, capacity 40975K, committed 41136K, reserved 1085440K
  class space    used 4319K, capacity 4763K, committed 4864K, reserved 1048576K
}
Event: 9.433 GC heap after
{Heap after GC invocations=9 (full 0):
 garbage-first heap   total 260096K, used 18469K [0x00000000e0000000, 0x0000000100000000)
  region size 1024K, 12 young (12288K), 12 survivors (12288K)
 Metaspace       used 39795K, capacity 40975K, committed 41136K, reserved 1085440K
  class space    used 4319K, capacity 4763K, committed 4864K, reserved 1048576K
}
Event: 10.230 GC heap before
{Heap before GC invocations=9 (full 0):
 garbage-first heap   total 260096K, used 160805K [0x00000000e0000000, 0x0000000100000000)
  region size 1024K, 152 young (155648K), 12 survivors (12288K)
 Metaspace       used 45777K, capacity 46973K, committed 47280K, reserved 1091584K
  class space    used 5078K, capacity 5521K, committed 5632K, reserved 1048576K
}
Event: 10.241 GC heap after
{Heap after GC invocations=10 (full 0):
 garbage-first heap   total 260096K, used 19664K [0x00000000e0000000, 0x0000000100000000)
  region size 1024K, 10 young (10240K), 10 survivors (10240K)
 Metaspace       used 45777K, capacity 46973K, committed 47280K, reserved 1091584K
  class space    used 5078K, capacity 5521K, committed 5632K, reserved 1048576K
}
Event: 15.942 GC heap before
{Heap before GC invocations=10 (full 0):
 garbage-first heap   total 260096K, used 164048K [0x00000000e0000000, 0x0000000100000000)
  region size 1024K, 152 young (155648K), 10 survivors (10240K)
 Metaspace       used 49673K, capacity 51021K, committed 51248K, reserved 1095680K
  class space    used 5479K, capacity 6013K, committed 6016K, reserved 1048576K
}
Event: 15.953 GC heap after
{Heap after GC invocations=11 (full 0):
 garbage-first heap   total 260096K, used 22763K [0x00000000e0000000, 0x0000000100000000)
  region size 1024K, 13 young (13312K), 13 survivors (13312K)
 Metaspace       used 49673K, capacity 51021K, committed 51248K, reserved 1095680K
  class space    used 5479K, capacity 6013K, committed 6016K, reserved 1048576K
}
Event: 17.359 GC heap before
{Heap before GC invocations=11 (full 0):
 garbage-first heap   total 260096K, used 165099K [0x00000000e0000000, 0x0000000100000000)
  region size 1024K, 152 young (155648K), 13 survivors (13312K)
 Metaspace       used 53244K, capacity 54682K, committed 54832K, reserved 1097728K
  class space    used 5849K, capacity 6412K, committed 6528K, reserved 1048576K
}
Event: 17.371 GC heap after
{Heap after GC invocations=12 (full 0):
 garbage-first heap   total 260096K, used 24652K [0x00000000e0000000, 0x0000000100000000)
  region size 1024K, 12 young (12288K), 12 survivors (12288K)
 Metaspace       used 53244K, capacity 54682K, committed 54832K, reserved 1097728K
  class space    used 5849K, capacity 6412K, committed 6528K, reserved 1048576K
}

Deoptimization events (10 events):
Event: 16.717 Thread 0x00000204b3330800 Uncommon trap: reason=class_check action=make_not_entrant pc=0x00000204a49dcc00 method=java.util.ArrayList.toArray([Ljava/lang/Object;)[Ljava/lang/Object; @ 21 c2
Event: 17.067 Thread 0x00000204b3330800 Uncommon trap: reason=unstable_if action=reinterpret pc=0x00000204a49b23a4 method=org.jacoco.agent.rt.internal_f3994fa.asm.ClassReader.accept(Lorg/jacoco/agent/rt/internal_f3994fa/asm/ClassVisitor;[Lorg/jacoco/agent/rt/internal_f3994fa/asm/Attribute;I)V @
Event: 17.068 Thread 0x00000204b3330800 Uncommon trap: reason=class_check action=maybe_recompile pc=0x00000204a4958300 method=org.springframework.util.ConcurrentReferenceHashMap$Segment.findInChain(Lorg/springframework/util/ConcurrentReferenceHashMap$Reference;Ljava/lang/Object;I)Lorg/springfra
Event: 17.110 Thread 0x00000204b3330800 Uncommon trap: reason=unstable_if action=reinterpret pc=0x00000204a4859fec method=org.jacoco.agent.rt.internal_f3994fa.asm.AnnotationWriter.computeAnnotationsSize(Lorg/jacoco/agent/rt/internal_f3994fa/asm/AnnotationWriter;Lorg/jacoco/agent/rt/internal_f39
Event: 17.113 Thread 0x00000204b3330800 Uncommon trap: reason=class_check action=maybe_recompile pc=0x00000204a4958300 method=org.springframework.util.ConcurrentReferenceHashMap$Segment.findInChain(Lorg/springframework/util/ConcurrentReferenceHashMap$Reference;Ljava/lang/Object;I)Lorg/springfra
Event: 17.117 Thread 0x00000204b3330800 Uncommon trap: reason=class_check action=maybe_recompile pc=0x00000204a4958300 method=org.springframework.util.ConcurrentReferenceHashMap$Segment.findInChain(Lorg/springframework/util/ConcurrentReferenceHashMap$Reference;Ljava/lang/Object;I)Lorg/springfra
Event: 17.124 Thread 0x00000204b3330800 Uncommon trap: reason=unstable_if action=reinterpret pc=0x00000204a46e0948 method=org.jacoco.agent.rt.internal_f3994fa.asm.AnnotationWriter.computeAnnotationsSize(Lorg/jacoco/agent/rt/internal_f3994fa/asm/AnnotationWriter;Lorg/jacoco/agent/rt/internal_f39
Event: 17.125 Thread 0x00000204b3330800 Uncommon trap: reason=class_check action=maybe_recompile pc=0x00000204a497c400 method=org.springframework.util.ConcurrentReferenceHashMap$Segment.findInChain(Lorg/springframework/util/ConcurrentReferenceHashMap$Reference;Ljava/lang/Object;I)Lorg/springfra
Event: 17.125 Thread 0x00000204b3330800 Uncommon trap: reason=class_check action=maybe_recompile pc=0x00000204a4958300 method=org.springframework.util.ConcurrentReferenceHashMap$Segment.findInChain(Lorg/springframework/util/ConcurrentReferenceHashMap$Reference;Ljava/lang/Object;I)Lorg/springfra
Event: 17.265 Thread 0x00000204b3330800 Uncommon trap: reason=unstable_if action=reinterpret pc=0x00000204a4a14c54 method=org.springframework.core.annotation.MergedAnnotationsCollection.find(Ljava/lang/Object;Ljava/util/function/Predicate;Lorg/springframework/core/annotation/MergedAnnotationSel

Classes redefined (1 events):
Event: 0.680 Thread 0x00000204b0453800 redefined class name=java.io.FileOutputStream, count=1

Internal exceptions (10 events):
Event: 15.527 Thread 0x00000204b3330800 Exception <a 'java/lang/ClassNotFoundException'{0x00000000ec2274b0}: org/springframework/context/ResourceLoaderAwareCustomizer> (0x00000000ec2274b0) thrown at [./open/src/hotspot/share/classfile/systemDictionary.cpp, line 228]
Event: 15.528 Thread 0x00000204b3330800 Exception <a 'java/lang/ClassNotFoundException'{0x00000000ec247d10}: org/springframework/beans/factory/AwareCustomizer> (0x00000000ec247d10) thrown at [./open/src/hotspot/share/classfile/systemDictionary.cpp, line 228]
Event: 15.529 Thread 0x00000204b3330800 Exception <a 'java/lang/ClassNotFoundException'{0x00000000ec26b768}: org/springframework/context/ApplicationStartupAwareCustomizer> (0x00000000ec26b768) thrown at [./open/src/hotspot/share/classfile/systemDictionary.cpp, line 228]
Event: 15.530 Thread 0x00000204b3330800 Exception <a 'java/lang/ClassNotFoundException'{0x00000000ec28c4d0}: org/springframework/beans/factory/AwareCustomizer> (0x00000000ec28c4d0) thrown at [./open/src/hotspot/share/classfile/systemDictionary.cpp, line 228]
Event: 15.532 Thread 0x00000204b3330800 Exception <a 'java/lang/ClassNotFoundException'{0x00000000ec2b08f8}: org/springframework/beans/factory/BeanClassLoaderAwareCustomizer> (0x00000000ec2b08f8) thrown at [./open/src/hotspot/share/classfile/systemDictionary.cpp, line 228]
Event: 15.533 Thread 0x00000204b3330800 Exception <a 'java/lang/ClassNotFoundException'{0x00000000ec2d11b0}: org/springframework/beans/factory/AwareCustomizer> (0x00000000ec2d11b0) thrown at [./open/src/hotspot/share/classfile/systemDictionary.cpp, line 228]
Event: 15.534 Thread 0x00000204b3330800 Exception <a 'java/lang/ClassNotFoundException'{0x00000000ec2f2db8}: org/springframework/context/EnvironmentAwareCustomizer> (0x00000000ec2f2db8) thrown at [./open/src/hotspot/share/classfile/systemDictionary.cpp, line 228]
Event: 15.535 Thread 0x00000204b3330800 Exception <a 'java/lang/ClassNotFoundException'{0x00000000ec113a88}: org/springframework/beans/factory/AwareCustomizer> (0x00000000ec113a88) thrown at [./open/src/hotspot/share/classfile/systemDictionary.cpp, line 228]
Event: 16.039 Thread 0x00000204b3330800 Exception <a 'java/lang/IncompatibleClassChangeError'{0x00000000ef1e86d0}: Found class java.lang.Object, but interface was expected> (0x00000000ef1e86d0) thrown at [./open/src/hotspot/share/interpreter/linkResolver.cpp, line 838]
Event: 17.154 Thread 0x00000204b3330800 Exception <a 'java/lang/NoSuchMethodError'{0x00000000e8518150}: java.lang.invoke.DirectMethodHandle$Holder.invokeSpecialIFC(Ljava/lang/Object;Ljava/lang/Object;Ljava/lang/Object;)Ljava/lang/Object;> (0x00000000e8518150) thrown at [./open/src/hotspot/share

Events (10 events):
Event: 17.381 loading class org/springframework/web/servlet/view/AbstractCachingViewResolver
Event: 17.381 loading class org/springframework/web/servlet/view/AbstractCachingViewResolver done
Event: 17.384 loading class org/springframework/web/servlet/LocaleResolver
Event: 17.384 loading class org/springframework/web/servlet/LocaleResolver done
Event: 17.385 loading class org/springframework/web/servlet/handler/AbstractHandlerMapping
Event: 17.385 loading class org/springframework/web/servlet/handler/AbstractHandlerMapping done
Event: 17.386 Thread 0x00000204b3330800 DEOPT PACKING pc=0x000002049d93ac9b sp=0x000000aa60ff5680
Event: 17.386 Thread 0x00000204b3330800 DEOPT UNPACKING pc=0x000002049ca6c70e sp=0x000000aa60ff4df0 mode 0
Event: 17.388 loading class org/springframework/web/servlet/HandlerMapping
Event: 17.388 loading class org/springframework/web/servlet/HandlerMapping done


Dynamic libraries:
0x00007ff718610000 - 0x00007ff71861f000 	C:\Program Files\Java\jdk-11.0.11\bin\java.exe
0x00007ffe8dd70000 - 0x00007ffe8df68000 	C:\Windows\SYSTEM32\ntdll.dll
0x00007ffe8dad0000 - 0x00007ffe8db8f000 	C:\Windows\System32\KERNEL32.DLL
0x00007ffe8d7d0000 - 0x00007ffe8dac6000 	C:\Windows\System32\KERNELBASE.dll
0x00000000760a0000 - 0x00000000760db000 	C:\Windows\System32\cyinjct.dll
0x00007ffe8d650000 - 0x00007ffe8d65c000 	C:\Windows\System32\ntnativeapi.dll
0x00007ffe71040000 - 0x00007ffe71058000 	C:\Program Files\Java\jdk-11.0.11\bin\jli.dll
0x00007ffe8c5d0000 - 0x00007ffe8c67f000 	C:\Windows\System32\ADVAPI32.dll
0x00007ffe8c4b0000 - 0x00007ffe8c54e000 	C:\Windows\System32\msvcrt.dll
0x00007ffe8d230000 - 0x00007ffe8d2cc000 	C:\Windows\System32\sechost.dll
0x00007ffe8d6a0000 - 0x00007ffe8d7c6000 	C:\Windows\System32\RPCRT4.dll
0x00000204920b0000 - 0x000002049224d000 	C:\Windows\System32\USER32.dll
0x00007ffe8b680000 - 0x00007ffe8b6a2000 	C:\Windows\System32\win32u.dll
0x00007ffe8d550000 - 0x00007ffe8d57c000 	C:\Windows\System32\GDI32.dll
0x00007ffe8b760000 - 0x00007ffe8b875000 	C:\Windows\System32\gdi32full.dll
0x00007ffe8b880000 - 0x00007ffe8b91d000 	C:\Windows\System32\msvcp_win.dll
0x0000020492250000 - 0x0000020492350000 	C:\Windows\System32\ucrtbase.dll
0x00007ffe6f720000 - 0x00007ffe6f735000 	C:\Program Files\Java\jdk-11.0.11\bin\VCRUNTIME140.dll
0x00007ffe71480000 - 0x00007ffe7171a000 	C:\Windows\WinSxS\amd64_microsoft.windows.common-controls_6595b64144ccf1df_6.0.19041.1110_none_60b5254171f9507e\COMCTL32.dll
0x00007ffe77bc0000 - 0x00007ffe77bca000 	C:\Windows\SYSTEM32\VERSION.dll
0x00007ffe8d630000 - 0x00007ffe8d64e000 	C:\Windows\System32\cyvera.dll
0x00007ffe8d5c0000 - 0x00007ffe8d62b000 	C:\Windows\System32\cyvrtrap.dll
0x00007ffe8d200000 - 0x00007ffe8d230000 	C:\Windows\System32\IMM32.DLL
0x00007ffe434a0000 - 0x00007ffe4353b000 	C:\Program Files\Java\jdk-11.0.11\bin\msvcp140.dll
0x00007ffe22db0000 - 0x00007ffe238ae000 	C:\Program Files\Java\jdk-11.0.11\bin\server\jvm.dll
0x00007ffe8d2d0000 - 0x00007ffe8d2d8000 	C:\Windows\System32\PSAPI.DLL
0x00007ffe66620000 - 0x00007ffe66629000 	C:\Windows\SYSTEM32\WSOCK32.dll
0x00007ffe8c560000 - 0x00007ffe8c5cb000 	C:\Windows\System32\WS2_32.dll
0x00007ffe6e590000 - 0x00007ffe6e5b7000 	C:\Windows\SYSTEM32\WINMM.dll
0x00007ffe89ea0000 - 0x00007ffe89eb2000 	C:\Windows\SYSTEM32\kernel.appcore.dll
0x00007ffe889a0000 - 0x00007ffe889b0000 	C:\Program Files\Java\jdk-11.0.11\bin\verify.dll
0x00007ffe896f0000 - 0x00007ffe898d4000 	C:\Windows\SYSTEM32\DBGHELP.DLL
0x00007ffe68620000 - 0x00007ffe68654000 	C:\Windows\SYSTEM32\dbgcore.DLL
0x00007ffe8b920000 - 0x00007ffe8b9a2000 	C:\Windows\System32\bcryptPrimitives.dll
0x00007ffe6e890000 - 0x00007ffe6e8b8000 	C:\Program Files\Java\jdk-11.0.11\bin\java.dll
0x00007ffe86690000 - 0x00007ffe8669a000 	C:\Program Files\Java\jdk-11.0.11\bin\jimage.dll
0x00007ffe53ee0000 - 0x00007ffe53f18000 	C:\Program Files\Java\jdk-11.0.11\bin\jdwp.dll
0x00007ffe6ef50000 - 0x00007ffe6ef5e000 	C:\Program Files\Java\jdk-11.0.11\bin\instrument.dll
0x00007ffe8d580000 - 0x00007ffe8d5b7000 	C:\Program Files\Palo Alto Networks\Traps\cyjagent.dll
0x00007ffe6f1c0000 - 0x00007ffe6f1d6000 	C:\Program Files\Java\jdk-11.0.11\bin\zip.dll
0x00007ffe8ca50000 - 0x00007ffe8d194000 	C:\Windows\System32\SHELL32.dll
0x00007ffe88e90000 - 0x00007ffe89623000 	C:\Windows\SYSTEM32\windows.storage.dll
0x00007ffe8c6e0000 - 0x00007ffe8ca34000 	C:\Windows\System32\combase.dll
0x00007ffe8acf0000 - 0x00007ffe8ad1e000 	C:\Windows\SYSTEM32\Wldp.dll
0x00007ffe8c1a0000 - 0x00007ffe8c24d000 	C:\Windows\System32\SHCORE.dll
0x00007ffe8d4f0000 - 0x00007ffe8d545000 	C:\Windows\System32\shlwapi.dll
0x00007ffe8b270000 - 0x00007ffe8b28f000 	C:\Windows\SYSTEM32\profapi.dll
0x00007ffe6ea80000 - 0x00007ffe6ea8a000 	C:\Program Files\Java\jdk-11.0.11\bin\dt_socket.dll
0x00007ffe8aa20000 - 0x00007ffe8aa8a000 	C:\Windows\system32\mswsock.dll
0x00007ffe6ef90000 - 0x00007ffe6efa9000 	C:\Program Files\Java\jdk-11.0.11\bin\net.dll
0x00007ffe84e20000 - 0x00007ffe84f2a000 	C:\Windows\SYSTEM32\WINHTTP.dll
0x00007ffe677a0000 - 0x00007ffe677b2000 	C:\Program Files\Java\jdk-11.0.11\bin\nio.dll
0x00007ffe67050000 - 0x00007ffe67067000 	C:\Windows\system32\napinsp.dll
0x00007ffe66eb0000 - 0x00007ffe66ecb000 	C:\Windows\system32\pnrpnsp.dll
0x00007ffe83fa0000 - 0x00007ffe83fb5000 	C:\Windows\system32\wshbth.dll
0x00007ffe86640000 - 0x00007ffe8665d000 	C:\Windows\system32\NLAapi.dll
0x00007ffe8a720000 - 0x00007ffe8a75c000 	C:\Windows\SYSTEM32\IPHLPAPI.DLL
0x00007ffe8a770000 - 0x00007ffe8a83a000 	C:\Windows\SYSTEM32\DNSAPI.dll
0x00007ffe8c550000 - 0x00007ffe8c558000 	C:\Windows\System32\NSI.dll
0x00007ffe66e90000 - 0x00007ffe66ea2000 	C:\Windows\System32\winrnr.dll
0x00007ffe76250000 - 0x00007ffe7625a000 	C:\Windows\System32\rasadhlp.dll
0x00007ffe76c40000 - 0x00007ffe76cc2000 	C:\Windows\System32\fwpuclnt.dll
0x00007ffe8b4e0000 - 0x00007ffe8b507000 	C:\Windows\System32\bcrypt.dll
0x00007ffe8ac40000 - 0x00007ffe8ac58000 	C:\Windows\SYSTEM32\CRYPTSP.dll
0x00007ffe8a350000 - 0x00007ffe8a384000 	C:\Windows\system32\rsaenh.dll
0x00007ffe8b1f0000 - 0x00007ffe8b21e000 	C:\Windows\SYSTEM32\USERENV.dll
0x00007ffe8ac60000 - 0x00007ffe8ac6c000 	C:\Windows\SYSTEM32\CRYPTBASE.dll
0x00007ffe77bf0000 - 0x00007ffe77c07000 	C:\Windows\SYSTEM32\dhcpcsvc6.DLL
0x00007ffe77bd0000 - 0x00007ffe77bed000 	C:\Windows\SYSTEM32\dhcpcsvc.DLL
0x00007ffe80c90000 - 0x00007ffe80c99000 	C:\Program Files\Java\jdk-11.0.11\bin\management.dll
0x00007ffe80c60000 - 0x00007ffe80c6b000 	C:\Program Files\Java\jdk-11.0.11\bin\management_ext.dll

dbghelp: loaded successfully - version: 4.0.5 - missing functions: none
symbol engine: initialized successfully - sym options: 0x614 - pdb path: .;C:\Program Files\Java\jdk-11.0.11\bin;C:\Windows\SYSTEM32;C:\Windows\WinSxS\amd64_microsoft.windows.common-controls_6595b64144ccf1df_6.0.19041.1110_none_60b5254171f9507e;C:\Program Files\Java\jdk-11.0.11\bin\server;C:\Program Files\Palo Alto Networks\Traps

VM Arguments:
jvm_args: -Dorg.gradle.native=false -agentlib:jdwp=transport=dt_socket,server=n,suspend=y,address=127.0.0.1:57265 -javaagent:build/tmp/expandedArchives/org.jacoco.agent-0.8.6.jar_a26f6511a7813217be4cd6439d66563b/jacocoagent.jar=destfile=build/jacoco/test.exec,append=true,inclnolocationclasses=false,dumponexit=true,output=file,jmx=false -Xmx512m -Dfile.encoding=windows-1252 -Duser.country=US -Duser.language=en -Duser.variant -ea -agentpath:C:\Program Files\Palo Alto Networks\Traps\cyjagent.dll 
java_command: worker.org.gradle.process.internal.worker.GradleWorkerMain 'Gradle Test Executor 2'
java_class_path (initial): C:\Users\devop\.gradle\caches\6.8\workerMain\gradle-worker.jar;C:\Users\devop\Documents\Work\Backend\Front Office\scf-email-service\build\classes\java\test;C:\Users\devop\Documents\Work\Backend\Front Office\scf-email-service\build\resources\test;C:\Users\devop\Documents\Work\Backend\Front Office\scf-email-service\build\classes\java\main;C:\Users\devop\Documents\Work\Backend\Front Office\scf-email-service\build\resources\main;C:\Users\devop\Documents\Work\Backend\Front Office\scf-email-service\lib\mbb-common-lib-1.6.0.jar;C:\Users\devop\Documents\Work\Backend\Front Office\scf-email-service\lib\mbb-scf-entity-lib-1.1-plain.jar;C:\Users\devop\Documents\Work\Backend\Front Office\scf-email-service\lib\bca.core\core-lib\1.1.1\3d560d16b21ced905379b4040c8a48ca6bf6697f\core-lib-1.2.0.jar;C:\Users\devop\Documents\Work\Backend\Front Office\scf-email-service\lib\email-async-lib-3.0.0.jar;C:\Users\devop\.gradle\caches\modules-2\files-2.1\org.springframework.cloud\spring-cloud-starter-bootstrap\3.1.2\483060838c129fc180a7e0be85c4a5c16deea817\spring-cloud-starter-bootstrap-3.1.2.jar;C:\Users\devop\.gradle\caches\modules-2\files-2.1\org.springframework.boot\spring-boot-starter-security\2.7.8\dab6861ecbd4477c6189ee5c4964b72606c014c6\spring-boot-starter-security-2.7.8.jar;C:\Users\devop\.gradle\caches\modules-2\files-2.1\org.springframework.boot\spring-boot-starter-web\2.7.8\7596f0263544e8230a5bf5357a02fb391f036f77\spring-boot-starter-web-2.7.8.jar;C:\Users\devop\.gradle\caches\modules-2\files-2.1\org.springframework.cloud\spring-cloud-starter-sleuth\3.1.2\b4e29a3f15ed1529382c172114e59685cd6f1c8\spring-cloud-starter-sleuth-3.1.2.jar;C:\Users\devop\.gradle\caches\modules-2\files-2.1\org.springframework.boot\spring-boot-starter-data-jpa\2.7.8\ace969cae39b4479ffedd58e04c5a6eca60c94a5\spring-boot-starter-data-jpa-2.7.8.jar;C:\Users\devop\.gradle\caches\modules-2\files-2.1\org.springframework.cloud\spring-cloud-starter-openfeign\3.1.2\ddfa43f87a64700b4e54f3960d
Launcher Type: SUN_STANDARD

[Global flags]
     intx CICompilerCount                          = 4                                         {product} {ergonomic}
     uint ConcGCThreads                            = 2                                         {product} {ergonomic}
     uint G1ConcRefinementThreads                  = 8                                         {product} {ergonomic}
   size_t G1HeapRegionSize                         = 1048576                                   {product} {ergonomic}
    uintx GCDrainStackTargetSize                   = 64                                        {product} {ergonomic}
   size_t InitialHeapSize                          = 266338304                                 {product} {ergonomic}
   size_t MarkStackSize                            = 4194304                                   {product} {ergonomic}
   size_t MaxHeapSize                              = 536870912                                 {product} {command line}
   size_t MaxNewSize                               = 321912832                                 {product} {ergonomic}
   size_t MinHeapDeltaBytes                        = 1048576                                   {product} {ergonomic}
    uintx NonNMethodCodeHeapSize                   = 5836300                                {pd product} {ergonomic}
    uintx NonProfiledCodeHeapSize                  = 122910970                              {pd product} {ergonomic}
    uintx ProfiledCodeHeapSize                     = 122910970                              {pd product} {ergonomic}
    uintx ReservedCodeCacheSize                    = 251658240                              {pd product} {ergonomic}
     bool SegmentedCodeCache                       = true                                      {product} {ergonomic}
     bool UseCompressedClassPointers               = true                                 {lp64_product} {ergonomic}
     bool UseCompressedOops                        = true                                 {lp64_product} {ergonomic}
     bool UseG1GC                                  = true                                      {product} {ergonomic}
     bool UseLargePagesIndividualAllocation        = false                                  {pd product} {ergonomic}

Logging:
Log output configuration:
 #0: stdout all=warning uptime,level,tags
 #1: stderr all=off uptime,level,tags

Environment Variables:
PATH=C:\DB_HOME\bin;C:\Program Files\Common Files\Oracle\Java\javapath;C:\Windows\system32;C:\Windows;C:\Windows\System32\Wbem;C:\Windows\System32\WindowsPowerShell\v1.0\;C:\Windows\System32\OpenSSH\;C:\Program Files\Git\cmd;C:\Program Files\nodejs\;C:\Program Files\TortoiseGit\bin;C:\Program Files\Docker\Docker\resources\bin;C:\ProgramData\DockerDesktop\version-bin;C:\Program Files\MySQL\MySQL Shell 8.0\bin\;C:\Users\devop\AppData\Local\Microsoft\WindowsApps;C:\Users\devop\AppData\Roaming\npm;C:\Users\devop\AppData\Local\Programs\Microsoft VS Code\bin;C:\Users\devop\AppData\Local\hyper\app-3.0.2\resources\bin;C:\Users\devop\AppData\Local\GitHubDesktop\bin
USERNAME=devop
OS=Windows_NT
PROCESSOR_IDENTIFIER=Intel64 Family 6 Model 140 Stepping 1, GenuineIntel



---------------  S Y S T E M  ---------------

OS: Windows 10 , 64 bit Build 19041 (10.0.19041.3031)
Hyper-V role detected

CPU:total 8 (initial active 8) (4 cores per cpu, 2 threads per core) family 6 model 140 stepping 1 microcode 0x66, cmov, cx8, fxsr, mmx, sse, sse2, sse3, ssse3, sse4.1, sse4.2, popcnt, avx, avx2, aes, clmul, erms, 3dnowpref, lzcnt, ht, tsc, tscinvbit, bmi1, bmi2, adx, evex, sha, fma

Memory: 4k page, system-wide physical 16183M (886M free)
TotalPageFile size 40058M (AvailPageFile size 5M)
current process WorkingSet (physical memory assigned to process): 430M, peak: 430M
current process commit charge ("private bytes"): 550M, peak: 550M

vm_info: Java HotSpot(TM) 64-Bit Server VM (11.0.11+9-LTS-194) for windows-amd64 JRE (11.0.11+9-LTS-194), built on Mar 18 2021 18:46:53 by "mach5one" with MS VC++ 15.9 (VS2017)

END.
