#
# There is insufficient memory for the Java Runtime Environment to continue.
# Native memory allocation (mmap) failed to map 266338304 bytes for Failed to commit area from 0x0000000703200000 to 0x0000000713000000 of length 266338304.
# Possible reasons:
#   The system is out of physical RAM or swap space
#   The process is running with CompressedOops enabled, and the Java Heap may be blocking the growth of the native heap
# Possible solutions:
#   Reduce memory load on the system
#   Increase physical memory or swap space
#   Check if swap backing store is full
#   Decrease Java heap size (-Xmx/-Xms)
#   Decrease number of Java threads
#   Decrease Java thread stack sizes (-Xss)
#   Set larger code cache with -XX:ReservedCodeCacheSize=
# This output file may be truncated or incomplete.
#
#  Out of Memory Error (./src/hotspot/os/windows/os_windows.cpp:3301), pid=9172, tid=26028
#
# JRE version:  (11.0.10+9) (build )
# Java VM: Dynamic Code Evolution 64-Bit Server VM (11.0.10+9-b1341.35, mixed mode, sharing, tiered, compressed oops, g1 gc, windows-amd64)
# No core dump will be written. Minidumps are not enabled by default on client versions of Windows
#

---------------  S U M M A R Y ------------

Command Line: -agentpath:C:\Program Files\Palo Alto Networks\Traps\cyjagent.dll org.jetbrains.git4idea.http.GitAskPassApp Username for 'https://github.com': 

Host: 11th Gen Intel(R) Core(TM) i7-1165G7 @ 2.80GHz, 8 cores, 15G,  Windows 10 , 64 bit Build 19041 (10.0.19041.2913)
Time: Mon May 15 13:55:47 2023 SE Asia Standard Time elapsed time: 0.016224 seconds (0d 0h 0m 0s)

---------------  T H R E A D  ---------------

Current thread (0x000001f5fe32c000):  JavaThread "Unknown thread" [_thread_in_vm, id=26028, stack(0x00000045d2d00000,0x00000045d2e00000)]

Stack: [0x00000045d2d00000,0x00000045d2e00000]
Native frames: (J=compiled Java code, j=interpreted, Vv=VM code, C=native code)
V  [jvm.dll+0x5f84fa]
V  [jvm.dll+0x77e085]
V  [jvm.dll+0x77f5dd]
V  [jvm.dll+0x77fc93]
V  [jvm.dll+0x2457e8]
V  [jvm.dll+0x5f58f4]
V  [jvm.dll+0x5ea975]
V  [jvm.dll+0x30228b]
V  [jvm.dll+0x3021fa]
V  [jvm.dll+0x3020d2]
V  [jvm.dll+0x306fb6]
V  [jvm.dll+0x34f843]
V  [jvm.dll+0x34ff46]
V  [jvm.dll+0x34f943]
V  [jvm.dll+0x2dbcb8]
V  [jvm.dll+0x2dce57]
V  [jvm.dll+0x75c4d7]
V  [jvm.dll+0x75dd6c]
V  [jvm.dll+0x35cdb9]
V  [jvm.dll+0x73fc9e]
V  [jvm.dll+0x3c5663]
V  [jvm.dll+0x3c7a21]
C  [cyvrtrap.dll+0xe183]
C  [jli.dll+0x5373]
C  [ucrtbase.dll+0x21bb2]
C  [cyinjct.dll+0x11e7]
C  [KERNEL32.DLL+0x17614]
C  [ntdll.dll+0x526a1]


---------------  P R O C E S S  ---------------

Threads class SMR info:
_java_thread_list=0x000001f5fe2627f0, length=0, elements={
}

Java Threads: ( => current thread )

Other Threads:
  0x000001f5ff50f000 GCTaskThread "GC Thread#0" [stack: 0x00000045d2e00000,0x00000045d2f00000] [id=1760]
  0x000001f5ff56c000 ConcurrentGCThread "G1 Main Marker" [stack: 0x00000045d2f00000,0x00000045d3000000] [id=24608]
  0x000001f5ff56d800 ConcurrentGCThread "G1 Conc#0" [stack: 0x00000045d3000000,0x00000045d3100000] [id=25044]

[error occurred during error reporting (printing all threads), id 0xc0000005, EXCEPTION_ACCESS_VIOLATION (0xc0000005) at pc=0x00007ff8379cc437]

VM state:not at safepoint (not fully initialized)

VM Mutex/Monitor currently owned by a thread:  ([mutex/lock_event])
[0x000001f5ff4fa3c0] Heap_lock - owner thread: 0x000001f5fe32c000

Heap address: 0x0000000703200000, size: 4046 MB, Compressed Oops mode: Non-zero based: 0x0000000703200000
Narrow klass base: 0x0000000000000000, Narrow klass shift: 0

GC Heap History (0 events):
No events

Deoptimization events (0 events):
No events

Classes redefined (0 events):
No events

Internal exceptions (0 events):
No events

Events (1 events):
Event: 0.010 Loaded shared library C:\Program Files\JetBrains\IntelliJ IDEA 2021.1\jbr\bin\zip.dll


Dynamic libraries:
0x00007ff70f850000 - 0x00007ff70f85a000 	C:\Program Files\JetBrains\IntelliJ IDEA 2021.1\jbr\bin\java.exe
0x00007ff8925f0000 - 0x00007ff8927e8000 	C:\Windows\SYSTEM32\ntdll.dll
0x00007ff892350000 - 0x00007ff89240f000 	C:\Windows\System32\KERNEL32.DLL
0x00007ff892050000 - 0x00007ff892346000 	C:\Windows\System32\KERNELBASE.dll
0x000000007c720000 - 0x000000007c75b000 	C:\Windows\System32\cyinjct.dll
0x00007ff891ed0000 - 0x00007ff891edc000 	C:\Windows\System32\ntnativeapi.dll
0x00007ff855330000 - 0x00007ff855349000 	C:\Program Files\JetBrains\IntelliJ IDEA 2021.1\jbr\bin\jli.dll
0x000001f5fe440000 - 0x000001f5fe5dd000 	C:\Windows\System32\USER32.dll
0x00007ff890020000 - 0x00007ff890042000 	C:\Windows\System32\win32u.dll
0x00007ff891d70000 - 0x00007ff891d9c000 	C:\Windows\System32\GDI32.dll
0x00007ff890050000 - 0x00007ff890165000 	C:\Windows\System32\gdi32full.dll
0x00007ff88fbb0000 - 0x00007ff88fc4d000 	C:\Windows\System32\msvcp_win.dll
0x000001f5fe5e0000 - 0x000001f5fe6e0000 	C:\Windows\System32\ucrtbase.dll
0x00007ff84cc90000 - 0x00007ff84cca7000 	C:\Program Files\JetBrains\IntelliJ IDEA 2021.1\jbr\bin\VCRUNTIME140.dll
0x00007ff8729f0000 - 0x00007ff872c8a000 	C:\Windows\WinSxS\amd64_microsoft.windows.common-controls_6595b64144ccf1df_6.0.19041.1110_none_60b5254171f9507e\COMCTL32.dll
0x00007ff890f30000 - 0x00007ff890fce000 	C:\Windows\System32\msvcrt.dll
0x00007ff891eb0000 - 0x00007ff891ece000 	C:\Windows\System32\cyvera.dll
0x00007ff891e40000 - 0x00007ff891ea9000 	C:\Windows\System32\cyvrtrap.dll
0x00007ff891d40000 - 0x00007ff891d70000 	C:\Windows\System32\IMM32.DLL
0x00007ff836f10000 - 0x00007ff836fad000 	C:\Program Files\JetBrains\IntelliJ IDEA 2021.1\jbr\bin\msvcp140.dll
0x00007ff8376e0000 - 0x00007ff83822f000 	C:\Program Files\JetBrains\IntelliJ IDEA 2021.1\jbr\bin\server\jvm.dll
0x00007ff891ba0000 - 0x00007ff891c4f000 	C:\Windows\System32\ADVAPI32.dll
0x00007ff891b00000 - 0x00007ff891b9c000 	C:\Windows\System32\sechost.dll
0x00007ff891f20000 - 0x00007ff892046000 	C:\Windows\System32\RPCRT4.dll
0x00007ff891af0000 - 0x00007ff891af8000 	C:\Windows\System32\PSAPI.DLL
0x00007ff86e750000 - 0x00007ff86e759000 	C:\Windows\SYSTEM32\WSOCK32.dll
0x00007ff8916a0000 - 0x00007ff89170b000 	C:\Windows\System32\WS2_32.dll
0x00007ff878670000 - 0x00007ff878697000 	C:\Windows\SYSTEM32\WINMM.dll
0x00007ff886d10000 - 0x00007ff886d1a000 	C:\Windows\SYSTEM32\VERSION.dll
0x00007ff88e410000 - 0x00007ff88e422000 	C:\Windows\SYSTEM32\kernel.appcore.dll
0x00007ff88ab00000 - 0x00007ff88ab11000 	C:\Program Files\JetBrains\IntelliJ IDEA 2021.1\jbr\bin\verify.dll
0x00007ff88df80000 - 0x00007ff88e164000 	C:\Windows\SYSTEM32\DBGHELP.DLL
0x00007ff8729b0000 - 0x00007ff8729e4000 	C:\Windows\SYSTEM32\dbgcore.DLL
0x00007ff8901a0000 - 0x00007ff890222000 	C:\Windows\System32\bcryptPrimitives.dll
0x00007ff855350000 - 0x00007ff855379000 	C:\Program Files\JetBrains\IntelliJ IDEA 2021.1\jbr\bin\java.dll
0x00007ff88ab60000 - 0x00007ff88ab6b000 	C:\Program Files\JetBrains\IntelliJ IDEA 2021.1\jbr\bin\jimage.dll
0x00007ff891e00000 - 0x00007ff891e37000 	C:\Program Files\Palo Alto Networks\Traps\cyjagent.dll
0x00007ff854c20000 - 0x00007ff854c38000 	C:\Program Files\JetBrains\IntelliJ IDEA 2021.1\jbr\bin\zip.dll

dbghelp: loaded successfully - version: 4.0.5 - missing functions: none
symbol engine: initialized successfully - sym options: 0x614 - pdb path: .;C:\Program Files\JetBrains\IntelliJ IDEA 2021.1\jbr\bin;C:\Windows\SYSTEM32;C:\Windows\WinSxS\amd64_microsoft.windows.common-controls_6595b64144ccf1df_6.0.19041.1110_none_60b5254171f9507e;C:\Program Files\JetBrains\IntelliJ IDEA 2021.1\jbr\bin\server;C:\Program Files\Palo Alto Networks\Traps

VM Arguments:
jvm_args: -agentpath:C:\Program Files\Palo Alto Networks\Traps\cyjagent.dll 
java_command: org.jetbrains.git4idea.http.GitAskPassApp Username for 'https://github.com': 
java_class_path (initial): C:/Program Files/JetBrains/IntelliJ IDEA 2021.1/plugins/git4idea/lib/git4idea-rt.jar;C:/Program Files/JetBrains/IntelliJ IDEA 2021.1/lib/xmlrpc-2.0.1.jar;C:/Program Files/JetBrains/IntelliJ IDEA 2021.1/lib/commons-codec-1.15.jar
Launcher Type: SUN_STANDARD

[Global flags]
     intx CICompilerCount                          = 4                                         {product} {ergonomic}
     uint ConcGCThreads                            = 2                                         {product} {ergonomic}
     uint G1ConcRefinementThreads                  = 8                                         {product} {ergonomic}
   size_t G1HeapRegionSize                         = 1048576                                   {product} {ergonomic}
    uintx GCDrainStackTargetSize                   = 64                                        {product} {ergonomic}
   size_t InitialHeapSize                          = 266338304                                 {product} {ergonomic}
   size_t MarkStackSize                            = 4194304                                   {product} {ergonomic}
   size_t MaxHeapSize                              = 4242538496                                {product} {ergonomic}
   size_t MinHeapDeltaBytes                        = 1048576                                   {product} {ergonomic}
    uintx NonNMethodCodeHeapSize                   = 5836300                                {pd product} {ergonomic}
    uintx NonProfiledCodeHeapSize                  = 122910970                              {pd product} {ergonomic}
    uintx ProfiledCodeHeapSize                     = 122910970                              {pd product} {ergonomic}
    uintx ReservedCodeCacheSize                    = 251658240                              {pd product} {ergonomic}
     bool SegmentedCodeCache                       = true                                      {product} {ergonomic}
     bool UseCompressedClassPointers               = true                                 {lp64_product} {ergonomic}
     bool UseCompressedOops                        = true                                 {lp64_product} {ergonomic}
     bool UseG1GC                                  = true                                      {product} {ergonomic}
     bool UseLargePagesIndividualAllocation        = false                                  {pd product} {ergonomic}

Logging:
Log output configuration:
 #0: stdout all=warning uptime,level,tags
 #1: stderr all=off uptime,level,tags

Environment Variables:
PATH=C:/Program Files/Git/mingw64/libexec/git-core;C:/Program Files/Git/mingw64/libexec/git-core;C:\Program Files\Git\mingw64\bin;C:\Program Files\Git\usr\bin;C:\Users\devop\bin;C:\DB_HOME\bin;C:\Program Files\Common Files\Oracle\Java\javapath;C:\Windows\system32;C:\Windows;C:\Windows\System32\Wbem;C:\Windows\System32\WindowsPowerShell\v1.0\;C:\Windows\System32\OpenSSH\;C:\Program Files\Git\cmd;C:\Program Files\nodejs\;C:\Program Files\TortoiseGit\bin;C:\Program Files\Docker\Docker\resources\bin;C:\ProgramData\DockerDesktop\version-bin;C:\Users\devop\AppData\Local\Microsoft\WindowsApps;C:\Users\devop\AppData\Roaming\npm;C:\Users\devop\AppData\Local\Programs\Microsoft VS Code\bin;C:\Users\devop\AppData\Local\hyper\app-3.0.2\resources\bin;C:\Users\devop\AppData\Local\GitHubDesktop\bin
USERNAME=devop
DISPLAY=:0.0
LC_ALL=en_US.UTF-8
OS=Windows_NT
PROCESSOR_IDENTIFIER=Intel64 Family 6 Model 140 Stepping 1, GenuineIntel



---------------  S Y S T E M  ---------------

OS: Windows 10 , 64 bit Build 19041 (10.0.19041.2913)
OS uptime: 0 days 2:24 hours
Hyper-V role detected

CPU:total 8 (initial active 8) (4 cores per cpu, 2 threads per core) family 6 model 140 stepping 1 microcode 0x66, cmov, cx8, fxsr, mmx, sse, sse2, sse3, ssse3, sse4.1, sse4.2, popcnt, avx, avx2, aes, clmul, erms, 3dnowpref, lzcnt, ht, tsc, tscinvbit, bmi1, bmi2, adx, evex, sha, fma

Memory: 4k page, system-wide physical 16183M (603M free)
TotalPageFile size 32150M (AvailPageFile size 12M)
current process WorkingSet (physical memory assigned to process): 11M, peak: 11M
current process commit charge ("private bytes"): 63M, peak: 317M

vm_info: Dynamic Code Evolution 64-Bit Server VM (11.0.10+9-b1341.35) for windows-amd64 JRE (11.0.10+9-b1341.35), built on Mar 31 2021 02:11:12 by "" with MS VC++ 14.0 (VS2015)

END.
